{
  "stats": {
    "suites": 1,
    "tests": 1,
    "passes": 0,
    "pending": 0,
    "failures": 1,
    "start": "2021-04-27T08:33:08.733Z",
    "end": "2021-04-27T08:33:09.636Z",
    "duration": 903,
    "testsRegistered": 2,
    "passPercent": 0,
    "pendingPercent": 0,
    "other": 0,
    "hasOther": false,
    "skipped": 1,
    "hasSkipped": true
  },
  "results": [
    {
      "uuid": "afbe1c9e-36fb-42d0-9bb7-3282aa9c741b",
      "title": "",
      "fullFile": "cypress/integration/external/notify-callback.spec.js",
      "file": "cypress/integration/external/notify-callback.spec.js",
      "beforeHooks": [],
      "afterHooks": [],
      "tests": [],
      "suites": [
        {
          "uuid": "4ce7c415-9dcb-40c9-ae99-0f7fc9b7cf54",
          "title": "notify callback attempt",
          "fullFile": "",
          "file": "",
          "beforeHooks": [],
          "afterHooks": [],
          "tests": [
            {
              "title": "checks if the notification was found",
              "fullTitle": "notify callback attempt checks if the notification was found",
              "timedOut": null,
              "duration": 863,
              "state": "failed",
              "speed": null,
              "pass": false,
              "fail": true,
              "pending": false,
              "context": null,
              "code": "expect(scheduledNotificationNotifyId.length).to.equal(36); // Check that the Notify ID that was retrieved is a valid GUID, which typically have 36 characters",
              "err": {
                "message": "CypressError: `cy.request()` failed trying to load:\n\nhttp://127.0.0.1:8001/water/1.0/acceptance-tests/tear-down\n\nWe attempted to make an http request to this URL but the request failed without a response.\n\nWe received this error at the network level:\n\n  > Error: connect ECONNREFUSED 127.0.0.1:8001\n\n-----------------------------------------------------------\n\nThe request we sent was:\n\nMethod: POST\nURL: http://127.0.0.1:8001/water/1.0/acceptance-tests/tear-down\n\n-----------------------------------------------------------\n\nCommon situations why this would fail:\n  - you don't have internet access\n  - you forgot to run / boot your web server\n  - your web server isn't accessible\n  - you have weird network configuration settings on your computer\n\nhttps://on.cypress.io/request\n\nBecause this error occurred during a `before all` hook we are skipping the remaining tests in the current suite: `notify callback attempt`",
                "estack": "CypressError: `cy.request()` failed trying to load:\n\nhttp://127.0.0.1:8001/water/1.0/acceptance-tests/tear-down\n\nWe attempted to make an http request to this URL but the request failed without a response.\n\nWe received this error at the network level:\n\n  > Error: connect ECONNREFUSED 127.0.0.1:8001\n\n-----------------------------------------------------------\n\nThe request we sent was:\n\nMethod: POST\nURL: http://127.0.0.1:8001/water/1.0/acceptance-tests/tear-down\n\n-----------------------------------------------------------\n\nCommon situations why this would fail:\n  - you don't have internet access\n  - you forgot to run / boot your web server\n  - your web server isn't accessible\n  - you have weird network configuration settings on your computer\n\nhttps://on.cypress.io/request\n\nBecause this error occurred during a `before all` hook we are skipping the remaining tests in the current suite: `notify callback attempt`\n    at http://localhost:8008/__cypress/runner/cypress_runner.js:160339:19\n    at tryCatcher (http://localhost:8008/__cypress/runner/cypress_runner.js:10765:23)\n    at http://localhost:8008/__cypress/runner/cypress_runner.js:5904:37\n    at tryCatcher (http://localhost:8008/__cypress/runner/cypress_runner.js:10765:23)\n    at Promise._settlePromiseFromHandler (http://localhost:8008/__cypress/runner/cypress_runner.js:8700:31)\n    at Promise._settlePromise (http://localhost:8008/__cypress/runner/cypress_runner.js:8757:18)\n    at Promise._settlePromise0 (http://localhost:8008/__cypress/runner/cypress_runner.js:8802:10)\n    at Promise._settlePromises (http://localhost:8008/__cypress/runner/cypress_runner.js:8878:18)\n    at _drainQueueStep (http://localhost:8008/__cypress/runner/cypress_runner.js:5472:12)\n    at _drainQueue (http://localhost:8008/__cypress/runner/cypress_runner.js:5465:9)\n    at Async.../../node_modules/bluebird/js/release/async.js.Async._drainQueues (http://localhost:8008/__cypress/runner/cypress_runner.js:5481:5)\n    at Async.drainQueues (http://localhost:8008/__cypress/runner/cypress_runner.js:5351:14)\nFrom Your Spec Code:\n    at waterRequest (http://localhost:8008/__cypress/tests?p=cypress/integration/external/notify-callback.spec.js:162:6)\n    at tearDown (http://localhost:8008/__cypress/tests?p=cypress/integration/external/notify-callback.spec.js:187:10)\n    at Context.eval (http://localhost:8008/__cypress/tests?p=cypress/integration/external/notify-callback.spec.js:108:5)\n\nFrom Node.js Internals:\n  RequestError: Error: connect ECONNREFUSED 127.0.0.1:8001\n      at new RequestError (/Users/srujanchada/Library/Caches/Cypress/6.9.1/Cypress.app/Contents/Resources/app/packages/server/node_modules/request-promise-core/lib/errors.js:14:15)\n      at Request.plumbing.callback (/Users/srujanchada/Library/Caches/Cypress/6.9.1/Cypress.app/Contents/Resources/app/packages/server/node_modules/request-promise-core/lib/plumbing.js:87:29)\n      at Request.RP$callback [as _callback] (/Users/srujanchada/Library/Caches/Cypress/6.9.1/Cypress.app/Contents/Resources/app/packages/server/node_modules/request-promise-core/lib/plumbing.js:46:31)\n      at self.callback (/Users/srujanchada/Library/Caches/Cypress/6.9.1/Cypress.app/Contents/Resources/app/packages/server/node_modules/@cypress/request/request.js:185:22)\n      at Request.emit (events.js:315:20)\n      at Request.onRequestError (/Users/srujanchada/Library/Caches/Cypress/6.9.1/Cypress.app/Contents/Resources/app/packages/server/node_modules/@cypress/request/request.js:877:8)\n      at ClientRequest.emit (events.js:327:22)\n      at Socket.socketErrorListener (_http_client.js:426:9)\n      at Socket.emit (events.js:315:20)\n      at emitErrorNT (internal/streams/destroy.js:92:8)\n      at emitErrorAndCloseNT (internal/streams/destroy.js:60:3)\n      at processTicksAndRejections (internal/process/task_queues.js:84:21)\n  ",
                "diff": null
              },
              "uuid": "6a0bf4aa-c298-42ea-be3e-7556684bbbce",
              "parentUUID": "4ce7c415-9dcb-40c9-ae99-0f7fc9b7cf54",
              "isHook": false,
              "skipped": false
            },
            {
              "title": "calls the notify callback endpoint",
              "fullTitle": "notify callback attempt calls the notify callback endpoint",
              "timedOut": null,
              "duration": 0,
              "state": "skipped",
              "speed": null,
              "pass": false,
              "fail": false,
              "pending": false,
              "context": null,
              "code": "cy.simulateNotifyCallback(scheduledNotificationNotifyId); // Pretending to be the Notify Service, submit a callback to the backend, which updateds the status of the Notification to 'delivered'\ncy.fixture('users.json').then(function (users) {\n  // Load the fixtures again (Probably not necessary if we were storing the email in a local variable!)\n  cy.getLastNotifications(Cypress.env('USER_URI'), users.notifyCallbackTestEmail).then(function (scheduledNotificationAfterCallback) {\n    // Once again, grab the last notification from the service that was sent to that email address\n    expect(scheduledNotificationAfterCallback.notify_status).to.equal('delivered'); // Check that it now has a status of 'Delivered'\n  });\n});",
              "err": {},
              "uuid": "e7b12279-c0ef-4c10-b971-f9140b60b0de",
              "parentUUID": "4ce7c415-9dcb-40c9-ae99-0f7fc9b7cf54",
              "isHook": false,
              "skipped": true
            }
          ],
          "suites": [],
          "passes": [],
          "failures": [
            "6a0bf4aa-c298-42ea-be3e-7556684bbbce"
          ],
          "pending": [],
          "skipped": [
            "e7b12279-c0ef-4c10-b971-f9140b60b0de"
          ],
          "duration": 863,
          "root": false,
          "rootEmpty": false,
          "_timeout": 2000
        }
      ],
      "passes": [],
      "failures": [],
      "pending": [],
      "skipped": [],
      "duration": 0,
      "root": true,
      "rootEmpty": true,
      "_timeout": 2000
    }
  ],
  "meta": {
    "mocha": {
      "version": "7.0.1"
    },
    "mochawesome": {
      "options": {
        "quiet": true,
        "reportFilename": "mochawesome",
        "saveHtml": false,
        "saveJson": true,
        "consoleReporter": "spec",
        "useInlineDiffs": false,
        "code": true
      },
      "version": "6.2.2"
    },
    "marge": {
      "options": {
        "id": "default",
        "reportDir": "cypress/reports/mocha",
        "quiet": true,
        "overwrite": false,
        "html": false,
        "json": true
      },
      "version": "5.2.0"
    }
  }
}