{
  "stats": {
    "suites": 1,
    "tests": 0,
    "passes": 0,
    "pending": 0,
    "failures": 0,
    "start": "2021-04-27T08:17:23.088Z",
    "end": "2021-04-27T08:17:24.764Z",
    "duration": 1676,
    "testsRegistered": 9,
    "passPercent": 0,
    "pendingPercent": 0,
    "other": 2,
    "hasOther": true,
    "skipped": 9,
    "hasSkipped": true
  },
  "results": [
    {
      "uuid": "fd9d506a-35b1-4130-9ece-5be76abf7f69",
      "title": "",
      "fullFile": "cypress/integration/external/reset-password.spec.js",
      "file": "cypress/integration/external/reset-password.spec.js",
      "beforeHooks": [],
      "afterHooks": [],
      "tests": [],
      "suites": [
        {
          "uuid": "2e2c7e9d-e6ee-45af-a45f-f065d1d59dcd",
          "title": "Reset password",
          "fullFile": "",
          "file": "",
          "beforeHooks": [],
          "afterHooks": [],
          "tests": [
            {
              "title": "Navigate to the signin page",
              "fullTitle": "Reset password Navigate to the signin page",
              "timedOut": null,
              "duration": 0,
              "state": "failed",
              "speed": null,
              "pass": false,
              "fail": true,
              "pending": false,
              "context": null,
              "code": "cy.visit(Cypress.env('USER_URI'));\ncy.get('a[href*=\"/signin\"]').click();",
              "err": {
                "message": "CypressError: `cy.request()` failed trying to load:\n\nhttp://127.0.0.1:8001/water/1.0/acceptance-tests/tear-down\n\nWe attempted to make an http request to this URL but the request failed without a response.\n\nWe received this error at the network level:\n\n  > Error: connect ECONNREFUSED 127.0.0.1:8001\n\n-----------------------------------------------------------\n\nThe request we sent was:\n\nMethod: POST\nURL: http://127.0.0.1:8001/water/1.0/acceptance-tests/tear-down\n\n-----------------------------------------------------------\n\nCommon situations why this would fail:\n  - you don't have internet access\n  - you forgot to run / boot your web server\n  - your web server isn't accessible\n  - you have weird network configuration settings on your computer\n\nhttps://on.cypress.io/request\n\nBecause this error occurred during a `after all` hook we are skipping the remaining tests in the current suite: `Reset password`",
                "estack": "CypressError: `cy.request()` failed trying to load:\n\nhttp://127.0.0.1:8001/water/1.0/acceptance-tests/tear-down\n\nWe attempted to make an http request to this URL but the request failed without a response.\n\nWe received this error at the network level:\n\n  > Error: connect ECONNREFUSED 127.0.0.1:8001\n\n-----------------------------------------------------------\n\nThe request we sent was:\n\nMethod: POST\nURL: http://127.0.0.1:8001/water/1.0/acceptance-tests/tear-down\n\n-----------------------------------------------------------\n\nCommon situations why this would fail:\n  - you don't have internet access\n  - you forgot to run / boot your web server\n  - your web server isn't accessible\n  - you have weird network configuration settings on your computer\n\nhttps://on.cypress.io/request\n\nBecause this error occurred during a `after all` hook we are skipping the remaining tests in the current suite: `Reset password`\n    at http://localhost:8008/__cypress/runner/cypress_runner.js:160339:19\n    at tryCatcher (http://localhost:8008/__cypress/runner/cypress_runner.js:10765:23)\n    at http://localhost:8008/__cypress/runner/cypress_runner.js:5904:37\n    at tryCatcher (http://localhost:8008/__cypress/runner/cypress_runner.js:10765:23)\n    at Promise._settlePromiseFromHandler (http://localhost:8008/__cypress/runner/cypress_runner.js:8700:31)\n    at Promise._settlePromise (http://localhost:8008/__cypress/runner/cypress_runner.js:8757:18)\n    at Promise._settlePromise0 (http://localhost:8008/__cypress/runner/cypress_runner.js:8802:10)\n    at Promise._settlePromises (http://localhost:8008/__cypress/runner/cypress_runner.js:8878:18)\n    at _drainQueueStep (http://localhost:8008/__cypress/runner/cypress_runner.js:5472:12)\n    at _drainQueue (http://localhost:8008/__cypress/runner/cypress_runner.js:5465:9)\n    at Async.../../node_modules/bluebird/js/release/async.js.Async._drainQueues (http://localhost:8008/__cypress/runner/cypress_runner.js:5481:5)\n    at Async.drainQueues (http://localhost:8008/__cypress/runner/cypress_runner.js:5351:14)\nFrom Your Spec Code:\n    at waterRequest (http://localhost:8008/__cypress/tests?p=cypress/integration/external/reset-password.spec.js:191:6)\n    at tearDown (http://localhost:8008/__cypress/tests?p=cypress/integration/external/reset-password.spec.js:216:10)\n    at Context.eval (http://localhost:8008/__cypress/tests?p=cypress/integration/external/reset-password.spec.js:109:5)\n\nFrom Node.js Internals:\n  RequestError: Error: connect ECONNREFUSED 127.0.0.1:8001\n      at new RequestError (/Users/srujanchada/Library/Caches/Cypress/6.9.1/Cypress.app/Contents/Resources/app/packages/server/node_modules/request-promise-core/lib/errors.js:14:15)\n      at Request.plumbing.callback (/Users/srujanchada/Library/Caches/Cypress/6.9.1/Cypress.app/Contents/Resources/app/packages/server/node_modules/request-promise-core/lib/plumbing.js:87:29)\n      at Request.RP$callback [as _callback] (/Users/srujanchada/Library/Caches/Cypress/6.9.1/Cypress.app/Contents/Resources/app/packages/server/node_modules/request-promise-core/lib/plumbing.js:46:31)\n      at self.callback (/Users/srujanchada/Library/Caches/Cypress/6.9.1/Cypress.app/Contents/Resources/app/packages/server/node_modules/@cypress/request/request.js:185:22)\n      at Request.emit (events.js:315:20)\n      at Request.onRequestError (/Users/srujanchada/Library/Caches/Cypress/6.9.1/Cypress.app/Contents/Resources/app/packages/server/node_modules/@cypress/request/request.js:877:8)\n      at ClientRequest.emit (events.js:327:22)\n      at Socket.socketErrorListener (_http_client.js:426:9)\n      at Socket.emit (events.js:315:20)\n      at emitErrorNT (internal/streams/destroy.js:92:8)\n      at emitErrorAndCloseNT (internal/streams/destroy.js:60:3)\n      at processTicksAndRejections (internal/process/task_queues.js:84:21)\n  ",
                "diff": null
              },
              "uuid": "935e5ab2-8a46-49cf-a74d-852ac35a1b7c",
              "parentUUID": "2e2c7e9d-e6ee-45af-a45f-f065d1d59dcd",
              "isHook": false,
              "skipped": false
            },
            {
              "title": "Navigate to the reset your password page",
              "fullTitle": "Reset password Navigate to the reset your password page",
              "timedOut": null,
              "duration": 0,
              "state": "skipped",
              "speed": null,
              "pass": false,
              "fail": false,
              "pending": false,
              "context": null,
              "code": "cy.get('a[href*=\"/reset_password').click();\ncy.contains('Reset your password').should('have.class', 'govuk-heading-l');\ncy.contains('Email address').should('have.class', 'govuk-label');",
              "err": {},
              "uuid": "3b4f3313-67ba-403e-88a8-b23bfba58e30",
              "parentUUID": "2e2c7e9d-e6ee-45af-a45f-f065d1d59dcd",
              "isHook": false,
              "skipped": true
            },
            {
              "title": "shows a validation message if the email field is empty",
              "fullTitle": "Reset password shows a validation message if the email field is empty",
              "timedOut": null,
              "duration": 0,
              "state": "skipped",
              "speed": null,
              "pass": false,
              "fail": false,
              "pending": false,
              "context": null,
              "code": "cy.get('button.govuk-button.govuk-button--start').click();\ncy.contains('Enter an email address').should('have.attr', 'href', '#email');",
              "err": {},
              "uuid": "0426767d-4115-4152-9706-122b61e43519",
              "parentUUID": "2e2c7e9d-e6ee-45af-a45f-f065d1d59dcd",
              "isHook": false,
              "skipped": true
            },
            {
              "title": "shows a validation message if the email field is invalid",
              "fullTitle": "Reset password shows a validation message if the email field is invalid",
              "timedOut": null,
              "duration": 0,
              "state": "skipped",
              "speed": null,
              "pass": false,
              "fail": false,
              "pending": false,
              "context": null,
              "code": "cy.get('input#email').type('invalid....email');\ncy.get('button.govuk-button.govuk-button--start').click();\ncy.contains('Enter an email address in the correct format').should('have.attr', 'href', '#email');\ncy.get('input#email').clear();",
              "err": {},
              "uuid": "f6bd90ef-cbb9-4c08-9817-3fbc1bd18127",
              "parentUUID": "2e2c7e9d-e6ee-45af-a45f-f065d1d59dcd",
              "isHook": false,
              "skipped": true
            },
            {
              "title": "navigates to success page if the email address is valid",
              "fullTitle": "Reset password navigates to success page if the email address is valid",
              "timedOut": null,
              "duration": 0,
              "state": "skipped",
              "speed": null,
              "pass": false,
              "fail": false,
              "pending": false,
              "context": null,
              "code": "cy.fixture('users.json').then(function (users) {\n  cy.get('input#email').type(users.external);\n});\ncy.get('button.govuk-button.govuk-button--start').click();\ncy.contains('Check your email').should('have.class', 'govuk-heading-l');\ncy.contains('Has the email not arrived?').should('have.attr', 'href', '/reset_password_resend_email');",
              "err": {},
              "uuid": "2513e52a-2eda-4d58-8320-426c49352252",
              "parentUUID": "2e2c7e9d-e6ee-45af-a45f-f065d1d59dcd",
              "isHook": false,
              "skipped": true
            },
            {
              "title": "clicks the link in the confirmation email",
              "fullTitle": "Reset password clicks the link in the confirmation email",
              "timedOut": null,
              "duration": 0,
              "state": "skipped",
              "speed": null,
              "pass": false,
              "fail": false,
              "pending": false,
              "context": null,
              "code": "cy.fixture('users.json').then(function (users) {\n  cy.getPasswordResetUrl(Cypress.env('USER_URI'), users.external).then(function (response) {\n    cy.visit(response);\n  });\n});",
              "err": {},
              "uuid": "7930583d-fa3c-4278-abe5-21c878cd3264",
              "parentUUID": "2e2c7e9d-e6ee-45af-a45f-f065d1d59dcd",
              "isHook": false,
              "skipped": true
            },
            {
              "title": "check the title and shows the change password fields",
              "fullTitle": "Reset password check the title and shows the change password fields",
              "timedOut": null,
              "duration": 0,
              "state": "skipped",
              "speed": null,
              "pass": false,
              "fail": false,
              "pending": false,
              "context": null,
              "code": "cy.contains('Change your password').should('be.visible');\ncy.contains('Enter a new password').should('be.visible');\ncy.contains('Confirm your password').should('be.visible');",
              "err": {},
              "uuid": "7af27e0b-be10-420f-8317-3f5b9f54ce81",
              "parentUUID": "2e2c7e9d-e6ee-45af-a45f-f065d1d59dcd",
              "isHook": false,
              "skipped": true
            },
            {
              "title": "changes the password and signs in",
              "fullTitle": "Reset password changes the password and signs in",
              "timedOut": null,
              "duration": 0,
              "state": "skipped",
              "speed": null,
              "pass": false,
              "fail": false,
              "pending": false,
              "context": null,
              "code": "cy.get('[id=password]').type('P@55word');\ncy.get('[id=confirm-password]').type('P@55word');\ncy.get('button.govuk-button').click();",
              "err": {},
              "uuid": "e7803d95-4487-41af-9217-1e99fda289e1",
              "parentUUID": "2e2c7e9d-e6ee-45af-a45f-f065d1d59dcd",
              "isHook": false,
              "skipped": true
            },
            {
              "title": "is redirected to the your licences page",
              "fullTitle": "Reset password is redirected to the your licences page",
              "timedOut": null,
              "duration": 0,
              "state": "skipped",
              "speed": null,
              "pass": false,
              "fail": false,
              "pending": false,
              "context": null,
              "code": "cy.contains('View licences').should('have.attr', 'href', '/licences');\ncy.contains('Manage returns').should('have.attr', 'href', '/returns');\ncy.contains('Add licences or give access').should('have.attr', 'href', '/manage_licences');\ncy.contains('Your licences').should('have.class', 'govuk-heading-l');",
              "err": {},
              "uuid": "9ec53700-ca9e-4a40-aaa7-bd7fa89f2fd0",
              "parentUUID": "2e2c7e9d-e6ee-45af-a45f-f065d1d59dcd",
              "isHook": false,
              "skipped": true
            }
          ],
          "suites": [],
          "passes": [],
          "failures": [
            "935e5ab2-8a46-49cf-a74d-852ac35a1b7c"
          ],
          "pending": [],
          "skipped": [
            "3b4f3313-67ba-403e-88a8-b23bfba58e30",
            "0426767d-4115-4152-9706-122b61e43519",
            "f6bd90ef-cbb9-4c08-9817-3fbc1bd18127",
            "2513e52a-2eda-4d58-8320-426c49352252",
            "7930583d-fa3c-4278-abe5-21c878cd3264",
            "7af27e0b-be10-420f-8317-3f5b9f54ce81",
            "e7803d95-4487-41af-9217-1e99fda289e1",
            "9ec53700-ca9e-4a40-aaa7-bd7fa89f2fd0"
          ],
          "duration": 0,
          "root": false,
          "rootEmpty": false,
          "_timeout": 2000
        }
      ],
      "passes": [],
      "failures": [],
      "pending": [],
      "skipped": [],
      "duration": 0,
      "root": true,
      "rootEmpty": true,
      "_timeout": 2000
    }
  ],
  "meta": {
    "mocha": {
      "version": "7.0.1"
    },
    "mochawesome": {
      "options": {
        "quiet": true,
        "reportFilename": "mochawesome",
        "saveHtml": false,
        "saveJson": true,
        "consoleReporter": "spec",
        "useInlineDiffs": false,
        "code": true
      },
      "version": "6.2.2"
    },
    "marge": {
      "options": {
        "id": "default",
        "reportDir": "cypress/reports/mocha",
        "quiet": true,
        "overwrite": false,
        "html": false,
        "json": true
      },
      "version": "5.2.0"
    }
  }
}