{
  "stats": {
    "suites": 1,
    "tests": 0,
    "passes": 0,
    "pending": 0,
    "failures": 0,
    "start": "2021-04-26T22:13:55.228Z",
    "end": "2021-04-26T22:13:56.914Z",
    "duration": 1686,
    "testsRegistered": 9,
    "passPercent": 0,
    "pendingPercent": 0,
    "other": 2,
    "hasOther": true,
    "skipped": 9,
    "hasSkipped": true
  },
  "results": [
    {
      "uuid": "bee58b5b-1c20-4e1d-98ac-53a71e8be7b5",
      "title": "",
      "fullFile": "cypress/integration/external/reset-password.spec.js",
      "file": "cypress/integration/external/reset-password.spec.js",
      "beforeHooks": [],
      "afterHooks": [],
      "tests": [],
      "suites": [
        {
          "uuid": "013b8880-a56b-432b-8d42-befa1e16ea03",
          "title": "Reset password",
          "fullFile": "",
          "file": "",
          "beforeHooks": [],
          "afterHooks": [],
          "tests": [
            {
              "title": "Navigate to the signin page",
              "fullTitle": "Reset password Navigate to the signin page",
              "timedOut": null,
              "duration": 0,
              "state": "failed",
              "speed": null,
              "pass": false,
              "fail": true,
              "pending": false,
              "context": null,
              "code": "cy.visit(Cypress.env('USER_URI'));\ncy.get('a[href*=\"/signin\"]').click();",
              "err": {
                "message": "CypressError: `cy.request()` failed trying to load:\n\nhttp://127.0.0.1:8001/water/1.0/acceptance-tests/tear-down\n\nWe attempted to make an http request to this URL but the request failed without a response.\n\nWe received this error at the network level:\n\n  > Error: connect ECONNREFUSED 127.0.0.1:8001\n\n-----------------------------------------------------------\n\nThe request we sent was:\n\nMethod: POST\nURL: http://127.0.0.1:8001/water/1.0/acceptance-tests/tear-down\n\n-----------------------------------------------------------\n\nCommon situations why this would fail:\n  - you don't have internet access\n  - you forgot to run / boot your web server\n  - your web server isn't accessible\n  - you have weird network configuration settings on your computer\n\nhttps://on.cypress.io/request\n\nBecause this error occurred during a `after all` hook we are skipping the remaining tests in the current suite: `Reset password`",
                "estack": "CypressError: `cy.request()` failed trying to load:\n\nhttp://127.0.0.1:8001/water/1.0/acceptance-tests/tear-down\n\nWe attempted to make an http request to this URL but the request failed without a response.\n\nWe received this error at the network level:\n\n  > Error: connect ECONNREFUSED 127.0.0.1:8001\n\n-----------------------------------------------------------\n\nThe request we sent was:\n\nMethod: POST\nURL: http://127.0.0.1:8001/water/1.0/acceptance-tests/tear-down\n\n-----------------------------------------------------------\n\nCommon situations why this would fail:\n  - you don't have internet access\n  - you forgot to run / boot your web server\n  - your web server isn't accessible\n  - you have weird network configuration settings on your computer\n\nhttps://on.cypress.io/request\n\nBecause this error occurred during a `after all` hook we are skipping the remaining tests in the current suite: `Reset password`\n    at http://localhost:8008/__cypress/runner/cypress_runner.js:160339:19\n    at tryCatcher (http://localhost:8008/__cypress/runner/cypress_runner.js:10765:23)\n    at http://localhost:8008/__cypress/runner/cypress_runner.js:5904:37\n    at tryCatcher (http://localhost:8008/__cypress/runner/cypress_runner.js:10765:23)\n    at Promise._settlePromiseFromHandler (http://localhost:8008/__cypress/runner/cypress_runner.js:8700:31)\n    at Promise._settlePromise (http://localhost:8008/__cypress/runner/cypress_runner.js:8757:18)\n    at Promise._settlePromise0 (http://localhost:8008/__cypress/runner/cypress_runner.js:8802:10)\n    at Promise._settlePromises (http://localhost:8008/__cypress/runner/cypress_runner.js:8878:18)\n    at _drainQueueStep (http://localhost:8008/__cypress/runner/cypress_runner.js:5472:12)\n    at _drainQueue (http://localhost:8008/__cypress/runner/cypress_runner.js:5465:9)\n    at Async.../../node_modules/bluebird/js/release/async.js.Async._drainQueues (http://localhost:8008/__cypress/runner/cypress_runner.js:5481:5)\n    at Async.drainQueues (http://localhost:8008/__cypress/runner/cypress_runner.js:5351:14)\nFrom Your Spec Code:\n    at waterRequest (http://localhost:8008/__cypress/tests?p=cypress/integration/external/reset-password.spec.js:191:6)\n    at tearDown (http://localhost:8008/__cypress/tests?p=cypress/integration/external/reset-password.spec.js:216:10)\n    at Context.eval (http://localhost:8008/__cypress/tests?p=cypress/integration/external/reset-password.spec.js:109:5)\n\nFrom Node.js Internals:\n  RequestError: Error: connect ECONNREFUSED 127.0.0.1:8001\n      at new RequestError (/Users/srujanchada/Library/Caches/Cypress/6.9.1/Cypress.app/Contents/Resources/app/packages/server/node_modules/request-promise-core/lib/errors.js:14:15)\n      at Request.plumbing.callback (/Users/srujanchada/Library/Caches/Cypress/6.9.1/Cypress.app/Contents/Resources/app/packages/server/node_modules/request-promise-core/lib/plumbing.js:87:29)\n      at Request.RP$callback [as _callback] (/Users/srujanchada/Library/Caches/Cypress/6.9.1/Cypress.app/Contents/Resources/app/packages/server/node_modules/request-promise-core/lib/plumbing.js:46:31)\n      at self.callback (/Users/srujanchada/Library/Caches/Cypress/6.9.1/Cypress.app/Contents/Resources/app/packages/server/node_modules/@cypress/request/request.js:185:22)\n      at Request.emit (events.js:315:20)\n      at Request.onRequestError (/Users/srujanchada/Library/Caches/Cypress/6.9.1/Cypress.app/Contents/Resources/app/packages/server/node_modules/@cypress/request/request.js:877:8)\n      at ClientRequest.emit (events.js:327:22)\n      at Socket.socketErrorListener (_http_client.js:426:9)\n      at Socket.emit (events.js:315:20)\n      at emitErrorNT (internal/streams/destroy.js:92:8)\n      at emitErrorAndCloseNT (internal/streams/destroy.js:60:3)\n      at processTicksAndRejections (internal/process/task_queues.js:84:21)\n  ",
                "diff": null
              },
              "uuid": "f4105ded-95a1-48f4-a6d5-3d4634cc54e4",
              "parentUUID": "013b8880-a56b-432b-8d42-befa1e16ea03",
              "isHook": false,
              "skipped": false
            },
            {
              "title": "Navigate to the reset your password page",
              "fullTitle": "Reset password Navigate to the reset your password page",
              "timedOut": null,
              "duration": 0,
              "state": "skipped",
              "speed": null,
              "pass": false,
              "fail": false,
              "pending": false,
              "context": null,
              "code": "cy.get('a[href*=\"/reset_password').click();\ncy.contains('Reset your password').should('have.class', 'govuk-heading-l');\ncy.contains('Email address').should('have.class', 'govuk-label');",
              "err": {},
              "uuid": "4489c682-56f9-4909-b33f-4e29cc74c8a7",
              "parentUUID": "013b8880-a56b-432b-8d42-befa1e16ea03",
              "isHook": false,
              "skipped": true
            },
            {
              "title": "shows a validation message if the email field is empty",
              "fullTitle": "Reset password shows a validation message if the email field is empty",
              "timedOut": null,
              "duration": 0,
              "state": "skipped",
              "speed": null,
              "pass": false,
              "fail": false,
              "pending": false,
              "context": null,
              "code": "cy.get('button.govuk-button.govuk-button--start').click();\ncy.contains('Enter an email address').should('have.attr', 'href', '#email');",
              "err": {},
              "uuid": "cfb45d73-6a9b-4919-b0b9-cf11d02419d3",
              "parentUUID": "013b8880-a56b-432b-8d42-befa1e16ea03",
              "isHook": false,
              "skipped": true
            },
            {
              "title": "shows a validation message if the email field is invalid",
              "fullTitle": "Reset password shows a validation message if the email field is invalid",
              "timedOut": null,
              "duration": 0,
              "state": "skipped",
              "speed": null,
              "pass": false,
              "fail": false,
              "pending": false,
              "context": null,
              "code": "cy.get('input#email').type('invalid....email');\ncy.get('button.govuk-button.govuk-button--start').click();\ncy.contains('Enter an email address in the correct format').should('have.attr', 'href', '#email');\ncy.get('input#email').clear();",
              "err": {},
              "uuid": "456b6641-9831-4f83-b1e3-ba95658b0da9",
              "parentUUID": "013b8880-a56b-432b-8d42-befa1e16ea03",
              "isHook": false,
              "skipped": true
            },
            {
              "title": "navigates to success page if the email address is valid",
              "fullTitle": "Reset password navigates to success page if the email address is valid",
              "timedOut": null,
              "duration": 0,
              "state": "skipped",
              "speed": null,
              "pass": false,
              "fail": false,
              "pending": false,
              "context": null,
              "code": "cy.fixture('users.json').then(function (users) {\n  cy.get('input#email').type(users.external);\n});\ncy.get('button.govuk-button.govuk-button--start').click();\ncy.contains('Check your email').should('have.class', 'govuk-heading-l');\ncy.contains('Has the email not arrived?').should('have.attr', 'href', '/reset_password_resend_email');",
              "err": {},
              "uuid": "7483c0ae-e21b-41bf-b38e-e180bf3fd9d6",
              "parentUUID": "013b8880-a56b-432b-8d42-befa1e16ea03",
              "isHook": false,
              "skipped": true
            },
            {
              "title": "clicks the link in the confirmation email",
              "fullTitle": "Reset password clicks the link in the confirmation email",
              "timedOut": null,
              "duration": 0,
              "state": "skipped",
              "speed": null,
              "pass": false,
              "fail": false,
              "pending": false,
              "context": null,
              "code": "cy.fixture('users.json').then(function (users) {\n  cy.getPasswordResetUrl(Cypress.env('USER_URI'), users.external).then(function (response) {\n    cy.visit(response);\n  });\n});",
              "err": {},
              "uuid": "9d4d7900-7aba-4a50-bbef-56d074d985ad",
              "parentUUID": "013b8880-a56b-432b-8d42-befa1e16ea03",
              "isHook": false,
              "skipped": true
            },
            {
              "title": "check the title and shows the change password fields",
              "fullTitle": "Reset password check the title and shows the change password fields",
              "timedOut": null,
              "duration": 0,
              "state": "skipped",
              "speed": null,
              "pass": false,
              "fail": false,
              "pending": false,
              "context": null,
              "code": "cy.contains('Change your password').should('be.visible');\ncy.contains('Enter a new password').should('be.visible');\ncy.contains('Confirm your password').should('be.visible');",
              "err": {},
              "uuid": "ca01caa1-a43a-453b-abd4-47a3cd3d9ca8",
              "parentUUID": "013b8880-a56b-432b-8d42-befa1e16ea03",
              "isHook": false,
              "skipped": true
            },
            {
              "title": "changes the password and signs in",
              "fullTitle": "Reset password changes the password and signs in",
              "timedOut": null,
              "duration": 0,
              "state": "skipped",
              "speed": null,
              "pass": false,
              "fail": false,
              "pending": false,
              "context": null,
              "code": "cy.get('[id=password]').type('P@55word');\ncy.get('[id=confirm-password]').type('P@55word');\ncy.get('button.govuk-button').click();",
              "err": {},
              "uuid": "cdf66ca5-f722-413e-a456-8553852fe3a9",
              "parentUUID": "013b8880-a56b-432b-8d42-befa1e16ea03",
              "isHook": false,
              "skipped": true
            },
            {
              "title": "is redirected to the your licences page",
              "fullTitle": "Reset password is redirected to the your licences page",
              "timedOut": null,
              "duration": 0,
              "state": "skipped",
              "speed": null,
              "pass": false,
              "fail": false,
              "pending": false,
              "context": null,
              "code": "cy.contains('View licences').should('have.attr', 'href', '/licences');\ncy.contains('Manage returns').should('have.attr', 'href', '/returns');\ncy.contains('Add licences or give access').should('have.attr', 'href', '/manage_licences');\ncy.contains('Your licences').should('have.class', 'govuk-heading-l');",
              "err": {},
              "uuid": "8c318b1b-5027-43fa-91aa-f19d8fc14f84",
              "parentUUID": "013b8880-a56b-432b-8d42-befa1e16ea03",
              "isHook": false,
              "skipped": true
            }
          ],
          "suites": [],
          "passes": [],
          "failures": [
            "f4105ded-95a1-48f4-a6d5-3d4634cc54e4"
          ],
          "pending": [],
          "skipped": [
            "4489c682-56f9-4909-b33f-4e29cc74c8a7",
            "cfb45d73-6a9b-4919-b0b9-cf11d02419d3",
            "456b6641-9831-4f83-b1e3-ba95658b0da9",
            "7483c0ae-e21b-41bf-b38e-e180bf3fd9d6",
            "9d4d7900-7aba-4a50-bbef-56d074d985ad",
            "ca01caa1-a43a-453b-abd4-47a3cd3d9ca8",
            "cdf66ca5-f722-413e-a456-8553852fe3a9",
            "8c318b1b-5027-43fa-91aa-f19d8fc14f84"
          ],
          "duration": 0,
          "root": false,
          "rootEmpty": false,
          "_timeout": 2000
        }
      ],
      "passes": [],
      "failures": [],
      "pending": [],
      "skipped": [],
      "duration": 0,
      "root": true,
      "rootEmpty": true,
      "_timeout": 2000
    }
  ],
  "meta": {
    "mocha": {
      "version": "7.0.1"
    },
    "mochawesome": {
      "options": {
        "quiet": true,
        "reportFilename": "mochawesome",
        "saveHtml": false,
        "saveJson": true,
        "consoleReporter": "spec",
        "useInlineDiffs": false,
        "code": true
      },
      "version": "6.2.2"
    },
    "marge": {
      "options": {
        "id": "default",
        "reportDir": "cypress/reports/mocha",
        "quiet": true,
        "overwrite": false,
        "html": false,
        "json": true
      },
      "version": "5.2.0"
    }
  }
}