{
  "stats": {
    "suites": 1,
    "tests": 1,
    "passes": 1,
    "pending": 0,
    "failures": 0,
    "start": "2021-04-27T11:23:36.463Z",
    "end": "2021-04-27T11:23:42.557Z",
    "duration": 6094,
    "testsRegistered": 1,
    "passPercent": 100,
    "pendingPercent": 0,
    "other": 0,
    "hasOther": false,
    "skipped": 0,
    "hasSkipped": false
  },
  "results": [
    {
      "uuid": "2c313524-bd0b-4cb1-8dc1-4e42c5999776",
      "title": "",
      "fullFile": "cypress/integration/internal/searchForLicence.spec.js",
      "file": "cypress/integration/internal/searchForLicence.spec.js",
      "beforeHooks": [],
      "afterHooks": [],
      "tests": [],
      "suites": [
        {
          "uuid": "84f9f9c4-11cd-4514-b061-76457231a3e6",
          "title": "search for licences as internal user",
          "fullFile": "",
          "file": "",
          "beforeHooks": [],
          "afterHooks": [],
          "tests": [
            {
              "title": "user logs in and searches for a License",
              "fullTitle": "search for licences as internal user user logs in and searches for a License",
              "timedOut": null,
              "duration": 4530,
              "state": "passed",
              "speed": "slow",
              "pass": true,
              "fail": false,
              "pending": false,
              "context": null,
              "code": "// cy.visit to visit the URL\ncy.visit(Cypress.env('ADMIN_URI')); // Enter the user name and Password\ncy.fixture('users.json').then(function (users) {\n  cy.get('input#email').type(users.psc);\n});\ncy.get('#password').type(Cypress.env('DEFAULT_PASSWORD')); // Click Sign in Button\ncy.get('.govuk-button.govuk-button--start').click(); // assert once the user is signed in\ncy.contains('Licences, users and returns'); // search for a license\ncy.get('#query').type('Anglian').should('be.visible');\ncy.get('.search__button').click();\ncy.contains('Licences').should('be.visible'); //  Click Sign out Button\ncy.get('#signout').click(); //  assert the signout\ncy.contains('You are signed out');",
              "err": {},
              "uuid": "40654021-04cc-451d-9d07-22923d96578d",
              "parentUUID": "84f9f9c4-11cd-4514-b061-76457231a3e6",
              "isHook": false,
              "skipped": false
            }
          ],
          "suites": [],
          "passes": [
            "40654021-04cc-451d-9d07-22923d96578d"
          ],
          "failures": [],
          "pending": [],
          "skipped": [],
          "duration": 4530,
          "root": false,
          "rootEmpty": false,
          "_timeout": 2000
        }
      ],
      "passes": [],
      "failures": [],
      "pending": [],
      "skipped": [],
      "duration": 0,
      "root": true,
      "rootEmpty": true,
      "_timeout": 2000
    }
  ],
  "meta": {
    "mocha": {
      "version": "7.0.1"
    },
    "mochawesome": {
      "options": {
        "quiet": true,
        "reportFilename": "mochawesome",
        "saveHtml": false,
        "saveJson": true,
        "consoleReporter": "spec",
        "useInlineDiffs": false,
        "code": true
      },
      "version": "6.2.2"
    },
    "marge": {
      "options": {
        "id": "default",
        "reportDir": "cypress/reports/mocha",
        "quiet": true,
        "overwrite": false,
        "html": false,
        "json": true
      },
      "version": "5.2.0"
    }
  }
}