{
  "stats": {
    "suites": 1,
    "tests": 0,
    "passes": 0,
    "pending": 0,
    "failures": 0,
    "start": "2021-04-27T08:17:27.343Z",
    "end": "2021-04-27T08:17:29.019Z",
    "duration": 1676,
    "testsRegistered": 15,
    "passPercent": 0,
    "pendingPercent": 0,
    "other": 2,
    "hasOther": true,
    "skipped": 15,
    "hasSkipped": true
  },
  "results": [
    {
      "uuid": "e84af6a4-6700-4ca5-aac2-b0887e30cafe",
      "title": "",
      "fullFile": "cypress/integration/external/user-registration.spec.js",
      "file": "cypress/integration/external/user-registration.spec.js",
      "beforeHooks": [],
      "afterHooks": [],
      "tests": [],
      "suites": [
        {
          "uuid": "5bf2bb4a-7760-4517-8391-644d9ccf5543",
          "title": "User registration",
          "fullFile": "",
          "file": "",
          "beforeHooks": [],
          "afterHooks": [],
          "tests": [
            {
              "title": "redirects to the welcome page",
              "fullTitle": "User registration redirects to the welcome page",
              "timedOut": null,
              "duration": 0,
              "state": "failed",
              "speed": null,
              "pass": false,
              "fail": true,
              "pending": false,
              "context": null,
              "code": "cy.visit(Cypress.env('USER_URI'));\ncy.contains('Sign in or create an account').should('have.class', 'govuk-heading-l');",
              "err": {
                "message": "CypressError: `cy.request()` failed trying to load:\n\nhttp://127.0.0.1:8001/water/1.0/acceptance-tests/tear-down\n\nWe attempted to make an http request to this URL but the request failed without a response.\n\nWe received this error at the network level:\n\n  > Error: connect ECONNREFUSED 127.0.0.1:8001\n\n-----------------------------------------------------------\n\nThe request we sent was:\n\nMethod: POST\nURL: http://127.0.0.1:8001/water/1.0/acceptance-tests/tear-down\n\n-----------------------------------------------------------\n\nCommon situations why this would fail:\n  - you don't have internet access\n  - you forgot to run / boot your web server\n  - your web server isn't accessible\n  - you have weird network configuration settings on your computer\n\nhttps://on.cypress.io/request\n\nBecause this error occurred during a `after all` hook we are skipping the remaining tests in the current suite: `User registration`",
                "estack": "CypressError: `cy.request()` failed trying to load:\n\nhttp://127.0.0.1:8001/water/1.0/acceptance-tests/tear-down\n\nWe attempted to make an http request to this URL but the request failed without a response.\n\nWe received this error at the network level:\n\n  > Error: connect ECONNREFUSED 127.0.0.1:8001\n\n-----------------------------------------------------------\n\nThe request we sent was:\n\nMethod: POST\nURL: http://127.0.0.1:8001/water/1.0/acceptance-tests/tear-down\n\n-----------------------------------------------------------\n\nCommon situations why this would fail:\n  - you don't have internet access\n  - you forgot to run / boot your web server\n  - your web server isn't accessible\n  - you have weird network configuration settings on your computer\n\nhttps://on.cypress.io/request\n\nBecause this error occurred during a `after all` hook we are skipping the remaining tests in the current suite: `User registration`\n    at http://localhost:8008/__cypress/runner/cypress_runner.js:160339:19\n    at tryCatcher (http://localhost:8008/__cypress/runner/cypress_runner.js:10765:23)\n    at http://localhost:8008/__cypress/runner/cypress_runner.js:5904:37\n    at tryCatcher (http://localhost:8008/__cypress/runner/cypress_runner.js:10765:23)\n    at Promise._settlePromiseFromHandler (http://localhost:8008/__cypress/runner/cypress_runner.js:8700:31)\n    at Promise._settlePromise (http://localhost:8008/__cypress/runner/cypress_runner.js:8757:18)\n    at Promise._settlePromise0 (http://localhost:8008/__cypress/runner/cypress_runner.js:8802:10)\n    at Promise._settlePromises (http://localhost:8008/__cypress/runner/cypress_runner.js:8878:18)\n    at _drainQueueStep (http://localhost:8008/__cypress/runner/cypress_runner.js:5472:12)\n    at _drainQueue (http://localhost:8008/__cypress/runner/cypress_runner.js:5465:9)\n    at Async.../../node_modules/bluebird/js/release/async.js.Async._drainQueues (http://localhost:8008/__cypress/runner/cypress_runner.js:5481:5)\n    at Async.drainQueues (http://localhost:8008/__cypress/runner/cypress_runner.js:5351:14)\nFrom Your Spec Code:\n    at waterRequest (http://localhost:8008/__cypress/tests?p=cypress/integration/external/user-registration.spec.js:230:6)\n    at tearDown (http://localhost:8008/__cypress/tests?p=cypress/integration/external/user-registration.spec.js:255:10)\n    at Context.eval (http://localhost:8008/__cypress/tests?p=cypress/integration/external/user-registration.spec.js:109:5)\n\nFrom Node.js Internals:\n  RequestError: Error: connect ECONNREFUSED 127.0.0.1:8001\n      at new RequestError (/Users/srujanchada/Library/Caches/Cypress/6.9.1/Cypress.app/Contents/Resources/app/packages/server/node_modules/request-promise-core/lib/errors.js:14:15)\n      at Request.plumbing.callback (/Users/srujanchada/Library/Caches/Cypress/6.9.1/Cypress.app/Contents/Resources/app/packages/server/node_modules/request-promise-core/lib/plumbing.js:87:29)\n      at Request.RP$callback [as _callback] (/Users/srujanchada/Library/Caches/Cypress/6.9.1/Cypress.app/Contents/Resources/app/packages/server/node_modules/request-promise-core/lib/plumbing.js:46:31)\n      at self.callback (/Users/srujanchada/Library/Caches/Cypress/6.9.1/Cypress.app/Contents/Resources/app/packages/server/node_modules/@cypress/request/request.js:185:22)\n      at Request.emit (events.js:315:20)\n      at Request.onRequestError (/Users/srujanchada/Library/Caches/Cypress/6.9.1/Cypress.app/Contents/Resources/app/packages/server/node_modules/@cypress/request/request.js:877:8)\n      at ClientRequest.emit (events.js:327:22)\n      at Socket.socketErrorListener (_http_client.js:426:9)\n      at Socket.emit (events.js:315:20)\n      at emitErrorNT (internal/streams/destroy.js:92:8)\n      at emitErrorAndCloseNT (internal/streams/destroy.js:60:3)\n      at processTicksAndRejections (internal/process/task_queues.js:84:21)\n  ",
                "diff": null
              },
              "uuid": "0987502a-701b-4821-ab45-d90b4a4d3824",
              "parentUUID": "5bf2bb4a-7760-4517-8391-644d9ccf5543",
              "isHook": false,
              "skipped": false
            },
            {
              "title": "navigates to the start page",
              "fullTitle": "User registration navigates to the start page",
              "timedOut": null,
              "duration": 0,
              "state": "skipped",
              "speed": null,
              "pass": false,
              "fail": false,
              "pending": false,
              "context": null,
              "code": "cy.get('.govuk-button').eq(2).click();\ncy.contains('Create an account to manage your water abstraction licence online').should('have.class', 'govuk-heading-l');",
              "err": {},
              "uuid": "033643bf-3e3e-4b54-aa8b-d2d2c13dd864",
              "parentUUID": "5bf2bb4a-7760-4517-8391-644d9ccf5543",
              "isHook": false,
              "skipped": true
            },
            {
              "title": "navigates to the create account page",
              "fullTitle": "User registration navigates to the create account page",
              "timedOut": null,
              "duration": 0,
              "state": "skipped",
              "speed": null,
              "pass": false,
              "fail": false,
              "pending": false,
              "context": null,
              "code": "cy.contains('Create account').should('be.visible');\ncy.get('.govuk-button--start').click({\n  force: true\n});\ncy.contains('Create an account').should('have.class', 'govuk-heading-l');",
              "err": {},
              "uuid": "b6697ffe-6207-4517-b60b-4619558bde75",
              "parentUUID": "5bf2bb4a-7760-4517-8391-644d9ccf5543",
              "isHook": false,
              "skipped": true
            },
            {
              "title": "shows a validation message if the email field is empty",
              "fullTitle": "User registration shows a validation message if the email field is empty",
              "timedOut": null,
              "duration": 0,
              "state": "skipped",
              "speed": null,
              "pass": false,
              "fail": false,
              "pending": false,
              "context": null,
              "code": "cy.get('input#email').type(' ');\ncy.get('button.govuk-button').click();\ncy.contains('Enter an email address in the right format').should('have.attr', 'href', '#email');",
              "err": {},
              "uuid": "77713a7b-0671-4488-80d1-fe8f3b14a4aa",
              "parentUUID": "5bf2bb4a-7760-4517-8391-644d9ccf5543",
              "isHook": false,
              "skipped": true
            },
            {
              "title": "shows a validation message if the email field is invalid",
              "fullTitle": "User registration shows a validation message if the email field is invalid",
              "timedOut": null,
              "duration": 0,
              "state": "skipped",
              "speed": null,
              "pass": false,
              "fail": false,
              "pending": false,
              "context": null,
              "code": "cy.get('input#email').type('not a valid email ');\ncy.get('button.govuk-button').click();\ncy.contains('Enter an email address in the right format').should('have.attr', 'href', '#email');",
              "err": {},
              "uuid": "7c32f6ad-c74d-4fe9-87de-61ece5cb5188",
              "parentUUID": "5bf2bb4a-7760-4517-8391-644d9ccf5543",
              "isHook": false,
              "skipped": true
            },
            {
              "title": "navigates to the success page if the email address is valid",
              "fullTitle": "User registration navigates to the success page if the email address is valid",
              "timedOut": null,
              "duration": 0,
              "state": "skipped",
              "speed": null,
              "pass": false,
              "fail": false,
              "pending": false,
              "context": null,
              "code": "cy.get('input#email').clear();\ncy.fixture('users.json').then(function (users) {\n  cy.get('input#email').type(users.externalNew);\n});\ncy.get('button.govuk-button').click();\ncy.contains('Confirm your email address').should('have.class', 'govuk-heading-l');",
              "err": {},
              "uuid": "ba9d978e-0637-41e9-8bcd-c3434b900707",
              "parentUUID": "5bf2bb4a-7760-4517-8391-644d9ccf5543",
              "isHook": false,
              "skipped": true
            },
            {
              "title": "clicks the link in the confirmation email",
              "fullTitle": "User registration clicks the link in the confirmation email",
              "timedOut": null,
              "duration": 0,
              "state": "skipped",
              "speed": null,
              "pass": false,
              "fail": false,
              "pending": false,
              "context": null,
              "code": "cy.fixture('users.json').then(function (users) {\n  cy.getUserRegistrationUrl(Cypress.env('USER_URI'), users.externalNew).then(function (response) {\n    cy.visit(response);\n  });\n});",
              "err": {},
              "uuid": "a8279e70-4279-4298-ba4f-a81616d2d21f",
              "parentUUID": "5bf2bb4a-7760-4517-8391-644d9ccf5543",
              "isHook": false,
              "skipped": true
            },
            {
              "title": "shows a validation error message if no passwords are entered",
              "fullTitle": "User registration shows a validation error message if no passwords are entered",
              "timedOut": null,
              "duration": 0,
              "state": "skipped",
              "speed": null,
              "pass": false,
              "fail": false,
              "pending": false,
              "context": null,
              "code": "cy.get('input#password').type(' ');\ncy.get('input#confirm-password').type(' ');\ncy.get('form').submit();\ncy.contains('There is a problem').should('have.class', 'govuk-error-summary__title');",
              "err": {},
              "uuid": "49dc5c5a-9310-4691-917b-957bc138eff3",
              "parentUUID": "5bf2bb4a-7760-4517-8391-644d9ccf5543",
              "isHook": false,
              "skipped": true
            },
            {
              "title": "shows a validation error message if passwords are too short",
              "fullTitle": "User registration shows a validation error message if passwords are too short",
              "timedOut": null,
              "duration": 0,
              "state": "skipped",
              "speed": null,
              "pass": false,
              "fail": false,
              "pending": false,
              "context": null,
              "code": "cy.get('input#password').type('short');\ncy.get('input#confirm-password').type('short');\ncy.get('form').submit();\ncy.contains('There is a problem').should('have.class', 'govuk-error-summary__title'); // verifying that error and warnings are displayed\ncy.get('.govuk-list.govuk-error-summary__list').children().should('have.length', 6);",
              "err": {},
              "uuid": "ba327e6f-eddf-4b75-9bd2-770ea7a9a399",
              "parentUUID": "5bf2bb4a-7760-4517-8391-644d9ccf5543",
              "isHook": false,
              "skipped": true
            },
            {
              "title": "shows a validation error message if passwords have correct length only",
              "fullTitle": "User registration shows a validation error message if passwords have correct length only",
              "timedOut": null,
              "duration": 0,
              "state": "skipped",
              "speed": null,
              "pass": false,
              "fail": false,
              "pending": false,
              "context": null,
              "code": "cy.get('input#password').type('12345678');\ncy.get('input#confirm-password').type('12345678');\ncy.get('form').submit();\ncy.contains('Your password contains').should('have.class', 'govuk-visually-hidden');",
              "err": {},
              "uuid": "580654c9-073d-4fd0-85cc-78eeb1983d17",
              "parentUUID": "5bf2bb4a-7760-4517-8391-644d9ccf5543",
              "isHook": false,
              "skipped": true
            },
            {
              "title": "shows a validation error message if passwords have symbol only",
              "fullTitle": "User registration shows a validation error message if passwords have symbol only",
              "timedOut": null,
              "duration": 0,
              "state": "skipped",
              "speed": null,
              "pass": false,
              "fail": false,
              "pending": false,
              "context": null,
              "code": "cy.get('input#password').type('123$');\ncy.get('input#confirm-password').type('123$');\ncy.get('form').submit();\ncy.contains('Your password contains').should('have.class', 'govuk-visually-hidden');",
              "err": {},
              "uuid": "3480d703-bc0e-40e5-a646-8ca03c928e94",
              "parentUUID": "5bf2bb4a-7760-4517-8391-644d9ccf5543",
              "isHook": false,
              "skipped": true
            },
            {
              "title": "shows a validation error message if passwords have capital only",
              "fullTitle": "User registration shows a validation error message if passwords have capital only",
              "timedOut": null,
              "duration": 0,
              "state": "skipped",
              "speed": null,
              "pass": false,
              "fail": false,
              "pending": false,
              "context": null,
              "code": "cy.get('input#password').type('123A');\ncy.get('input#confirm-password').type('123A');\ncy.get('form').submit();\ncy.contains('Your password contains').should('have.class', 'govuk-visually-hidden');",
              "err": {},
              "uuid": "b3627606-3489-4117-80dc-503fd9891965",
              "parentUUID": "5bf2bb4a-7760-4517-8391-644d9ccf5543",
              "isHook": false,
              "skipped": true
            },
            {
              "title": "shows a validation error message if passwords do not match",
              "fullTitle": "User registration shows a validation error message if passwords do not match",
              "timedOut": null,
              "duration": 0,
              "state": "skipped",
              "speed": null,
              "pass": false,
              "fail": false,
              "pending": false,
              "context": null,
              "code": "cy.get('input#password').type('A12345678$');\ncy.get('input#confirm-password').type('A123456789$');\ncy.get('form').submit();\ncy.contains('Re-enter your new password').should('have.attr', 'href', '#password');",
              "err": {},
              "uuid": "cb11b833-d54f-4dbd-a41e-b46aebbb8a16",
              "parentUUID": "5bf2bb4a-7760-4517-8391-644d9ccf5543",
              "isHook": false,
              "skipped": true
            },
            {
              "title": "sets the passwords and signs in if valid and matching",
              "fullTitle": "User registration sets the passwords and signs in if valid and matching",
              "timedOut": null,
              "duration": 0,
              "state": "skipped",
              "speed": null,
              "pass": false,
              "fail": false,
              "pending": false,
              "context": null,
              "code": "cy.get('input#password').type('A12345678$');\ncy.get('input#confirm-password').type('A12345678$');\ncy.get('form').submit();\ncy.url().should('include', '/add-licences');\ncy.contains('Add your licences to the service').should('have.class', 'govuk-heading-l');",
              "err": {},
              "uuid": "f5585ee5-befe-4a39-b187-d08f467ac0c2",
              "parentUUID": "5bf2bb4a-7760-4517-8391-644d9ccf5543",
              "isHook": false,
              "skipped": true
            },
            {
              "title": "User logout",
              "fullTitle": "User registration User logout",
              "timedOut": null,
              "duration": 0,
              "state": "skipped",
              "speed": null,
              "pass": false,
              "fail": false,
              "pending": false,
              "context": null,
              "code": "//  Click Sign out Button\ncy.get('#signout').click(); //  assert the signout\ncy.contains('Sign in or create an account').should('be.visible');",
              "err": {},
              "uuid": "bb396a09-a2f5-4c35-af09-7235dcaf1f6c",
              "parentUUID": "5bf2bb4a-7760-4517-8391-644d9ccf5543",
              "isHook": false,
              "skipped": true
            }
          ],
          "suites": [],
          "passes": [],
          "failures": [
            "0987502a-701b-4821-ab45-d90b4a4d3824"
          ],
          "pending": [],
          "skipped": [
            "033643bf-3e3e-4b54-aa8b-d2d2c13dd864",
            "b6697ffe-6207-4517-b60b-4619558bde75",
            "77713a7b-0671-4488-80d1-fe8f3b14a4aa",
            "7c32f6ad-c74d-4fe9-87de-61ece5cb5188",
            "ba9d978e-0637-41e9-8bcd-c3434b900707",
            "a8279e70-4279-4298-ba4f-a81616d2d21f",
            "49dc5c5a-9310-4691-917b-957bc138eff3",
            "ba327e6f-eddf-4b75-9bd2-770ea7a9a399",
            "580654c9-073d-4fd0-85cc-78eeb1983d17",
            "3480d703-bc0e-40e5-a646-8ca03c928e94",
            "b3627606-3489-4117-80dc-503fd9891965",
            "cb11b833-d54f-4dbd-a41e-b46aebbb8a16",
            "f5585ee5-befe-4a39-b187-d08f467ac0c2",
            "bb396a09-a2f5-4c35-af09-7235dcaf1f6c"
          ],
          "duration": 0,
          "root": false,
          "rootEmpty": false,
          "_timeout": 2000
        }
      ],
      "passes": [],
      "failures": [],
      "pending": [],
      "skipped": [],
      "duration": 0,
      "root": true,
      "rootEmpty": true,
      "_timeout": 2000
    }
  ],
  "meta": {
    "mocha": {
      "version": "7.0.1"
    },
    "mochawesome": {
      "options": {
        "quiet": true,
        "reportFilename": "mochawesome",
        "saveHtml": false,
        "saveJson": true,
        "consoleReporter": "spec",
        "useInlineDiffs": false,
        "code": true
      },
      "version": "6.2.2"
    },
    "marge": {
      "options": {
        "id": "default",
        "reportDir": "cypress/reports/mocha",
        "quiet": true,
        "overwrite": false,
        "html": false,
        "json": true
      },
      "version": "5.2.0"
    }
  }
}