{
  "stats": {
    "suites": 1,
    "tests": 0,
    "passes": 0,
    "pending": 0,
    "failures": 0,
    "start": "2021-04-27T08:33:20.830Z",
    "end": "2021-04-27T08:33:22.534Z",
    "duration": 1704,
    "testsRegistered": 15,
    "passPercent": 0,
    "pendingPercent": 0,
    "other": 2,
    "hasOther": true,
    "skipped": 15,
    "hasSkipped": true
  },
  "results": [
    {
      "uuid": "ce5de56e-5d6a-4989-b273-4b7e7ec4610a",
      "title": "",
      "fullFile": "cypress/integration/external/user-registration.spec.js",
      "file": "cypress/integration/external/user-registration.spec.js",
      "beforeHooks": [],
      "afterHooks": [],
      "tests": [],
      "suites": [
        {
          "uuid": "3c86281d-70ba-47cc-b595-9c4131dea1d9",
          "title": "User registration",
          "fullFile": "",
          "file": "",
          "beforeHooks": [],
          "afterHooks": [],
          "tests": [
            {
              "title": "redirects to the welcome page",
              "fullTitle": "User registration redirects to the welcome page",
              "timedOut": null,
              "duration": 0,
              "state": "failed",
              "speed": null,
              "pass": false,
              "fail": true,
              "pending": false,
              "context": null,
              "code": "cy.visit(Cypress.env('USER_URI'));\ncy.contains('Sign in or create an account').should('have.class', 'govuk-heading-l');",
              "err": {
                "message": "CypressError: `cy.request()` failed trying to load:\n\nhttp://127.0.0.1:8001/water/1.0/acceptance-tests/tear-down\n\nWe attempted to make an http request to this URL but the request failed without a response.\n\nWe received this error at the network level:\n\n  > Error: connect ECONNREFUSED 127.0.0.1:8001\n\n-----------------------------------------------------------\n\nThe request we sent was:\n\nMethod: POST\nURL: http://127.0.0.1:8001/water/1.0/acceptance-tests/tear-down\n\n-----------------------------------------------------------\n\nCommon situations why this would fail:\n  - you don't have internet access\n  - you forgot to run / boot your web server\n  - your web server isn't accessible\n  - you have weird network configuration settings on your computer\n\nhttps://on.cypress.io/request\n\nBecause this error occurred during a `after all` hook we are skipping the remaining tests in the current suite: `User registration`",
                "estack": "CypressError: `cy.request()` failed trying to load:\n\nhttp://127.0.0.1:8001/water/1.0/acceptance-tests/tear-down\n\nWe attempted to make an http request to this URL but the request failed without a response.\n\nWe received this error at the network level:\n\n  > Error: connect ECONNREFUSED 127.0.0.1:8001\n\n-----------------------------------------------------------\n\nThe request we sent was:\n\nMethod: POST\nURL: http://127.0.0.1:8001/water/1.0/acceptance-tests/tear-down\n\n-----------------------------------------------------------\n\nCommon situations why this would fail:\n  - you don't have internet access\n  - you forgot to run / boot your web server\n  - your web server isn't accessible\n  - you have weird network configuration settings on your computer\n\nhttps://on.cypress.io/request\n\nBecause this error occurred during a `after all` hook we are skipping the remaining tests in the current suite: `User registration`\n    at http://localhost:8008/__cypress/runner/cypress_runner.js:160339:19\n    at tryCatcher (http://localhost:8008/__cypress/runner/cypress_runner.js:10765:23)\n    at http://localhost:8008/__cypress/runner/cypress_runner.js:5904:37\n    at tryCatcher (http://localhost:8008/__cypress/runner/cypress_runner.js:10765:23)\n    at Promise._settlePromiseFromHandler (http://localhost:8008/__cypress/runner/cypress_runner.js:8700:31)\n    at Promise._settlePromise (http://localhost:8008/__cypress/runner/cypress_runner.js:8757:18)\n    at Promise._settlePromise0 (http://localhost:8008/__cypress/runner/cypress_runner.js:8802:10)\n    at Promise._settlePromises (http://localhost:8008/__cypress/runner/cypress_runner.js:8878:18)\n    at _drainQueueStep (http://localhost:8008/__cypress/runner/cypress_runner.js:5472:12)\n    at _drainQueue (http://localhost:8008/__cypress/runner/cypress_runner.js:5465:9)\n    at Async.../../node_modules/bluebird/js/release/async.js.Async._drainQueues (http://localhost:8008/__cypress/runner/cypress_runner.js:5481:5)\n    at Async.drainQueues (http://localhost:8008/__cypress/runner/cypress_runner.js:5351:14)\nFrom Your Spec Code:\n    at waterRequest (http://localhost:8008/__cypress/tests?p=cypress/integration/external/user-registration.spec.js:230:6)\n    at tearDown (http://localhost:8008/__cypress/tests?p=cypress/integration/external/user-registration.spec.js:255:10)\n    at Context.eval (http://localhost:8008/__cypress/tests?p=cypress/integration/external/user-registration.spec.js:109:5)\n\nFrom Node.js Internals:\n  RequestError: Error: connect ECONNREFUSED 127.0.0.1:8001\n      at new RequestError (/Users/srujanchada/Library/Caches/Cypress/6.9.1/Cypress.app/Contents/Resources/app/packages/server/node_modules/request-promise-core/lib/errors.js:14:15)\n      at Request.plumbing.callback (/Users/srujanchada/Library/Caches/Cypress/6.9.1/Cypress.app/Contents/Resources/app/packages/server/node_modules/request-promise-core/lib/plumbing.js:87:29)\n      at Request.RP$callback [as _callback] (/Users/srujanchada/Library/Caches/Cypress/6.9.1/Cypress.app/Contents/Resources/app/packages/server/node_modules/request-promise-core/lib/plumbing.js:46:31)\n      at self.callback (/Users/srujanchada/Library/Caches/Cypress/6.9.1/Cypress.app/Contents/Resources/app/packages/server/node_modules/@cypress/request/request.js:185:22)\n      at Request.emit (events.js:315:20)\n      at Request.onRequestError (/Users/srujanchada/Library/Caches/Cypress/6.9.1/Cypress.app/Contents/Resources/app/packages/server/node_modules/@cypress/request/request.js:877:8)\n      at ClientRequest.emit (events.js:327:22)\n      at Socket.socketErrorListener (_http_client.js:426:9)\n      at Socket.emit (events.js:315:20)\n      at emitErrorNT (internal/streams/destroy.js:92:8)\n      at emitErrorAndCloseNT (internal/streams/destroy.js:60:3)\n      at processTicksAndRejections (internal/process/task_queues.js:84:21)\n  ",
                "diff": null
              },
              "uuid": "121853a6-1031-4e5b-87f7-913367cc0a62",
              "parentUUID": "3c86281d-70ba-47cc-b595-9c4131dea1d9",
              "isHook": false,
              "skipped": false
            },
            {
              "title": "navigates to the start page",
              "fullTitle": "User registration navigates to the start page",
              "timedOut": null,
              "duration": 0,
              "state": "skipped",
              "speed": null,
              "pass": false,
              "fail": false,
              "pending": false,
              "context": null,
              "code": "cy.get('.govuk-button').eq(2).click();\ncy.contains('Create an account to manage your water abstraction licence online').should('have.class', 'govuk-heading-l');",
              "err": {},
              "uuid": "4a4e4bf6-0e3c-4802-8d36-91eb479e463e",
              "parentUUID": "3c86281d-70ba-47cc-b595-9c4131dea1d9",
              "isHook": false,
              "skipped": true
            },
            {
              "title": "navigates to the create account page",
              "fullTitle": "User registration navigates to the create account page",
              "timedOut": null,
              "duration": 0,
              "state": "skipped",
              "speed": null,
              "pass": false,
              "fail": false,
              "pending": false,
              "context": null,
              "code": "cy.contains('Create account').should('be.visible');\ncy.get('.govuk-button--start').click({\n  force: true\n});\ncy.contains('Create an account').should('have.class', 'govuk-heading-l');",
              "err": {},
              "uuid": "5c68c94f-6820-41ae-9822-3d0f8e70be7a",
              "parentUUID": "3c86281d-70ba-47cc-b595-9c4131dea1d9",
              "isHook": false,
              "skipped": true
            },
            {
              "title": "shows a validation message if the email field is empty",
              "fullTitle": "User registration shows a validation message if the email field is empty",
              "timedOut": null,
              "duration": 0,
              "state": "skipped",
              "speed": null,
              "pass": false,
              "fail": false,
              "pending": false,
              "context": null,
              "code": "cy.get('input#email').type(' ');\ncy.get('button.govuk-button').click();\ncy.contains('Enter an email address in the right format').should('have.attr', 'href', '#email');",
              "err": {},
              "uuid": "bbf974ad-207d-4a40-b43c-39e5ef18c31a",
              "parentUUID": "3c86281d-70ba-47cc-b595-9c4131dea1d9",
              "isHook": false,
              "skipped": true
            },
            {
              "title": "shows a validation message if the email field is invalid",
              "fullTitle": "User registration shows a validation message if the email field is invalid",
              "timedOut": null,
              "duration": 0,
              "state": "skipped",
              "speed": null,
              "pass": false,
              "fail": false,
              "pending": false,
              "context": null,
              "code": "cy.get('input#email').type('not a valid email ');\ncy.get('button.govuk-button').click();\ncy.contains('Enter an email address in the right format').should('have.attr', 'href', '#email');",
              "err": {},
              "uuid": "5647250d-7cdd-4047-8464-1cb0d16e8048",
              "parentUUID": "3c86281d-70ba-47cc-b595-9c4131dea1d9",
              "isHook": false,
              "skipped": true
            },
            {
              "title": "navigates to the success page if the email address is valid",
              "fullTitle": "User registration navigates to the success page if the email address is valid",
              "timedOut": null,
              "duration": 0,
              "state": "skipped",
              "speed": null,
              "pass": false,
              "fail": false,
              "pending": false,
              "context": null,
              "code": "cy.get('input#email').clear();\ncy.fixture('users.json').then(function (users) {\n  cy.get('input#email').type(users.externalNew);\n});\ncy.get('button.govuk-button').click();\ncy.contains('Confirm your email address').should('have.class', 'govuk-heading-l');",
              "err": {},
              "uuid": "3ab98dd3-ed7b-4bad-8aa9-7724a15d096d",
              "parentUUID": "3c86281d-70ba-47cc-b595-9c4131dea1d9",
              "isHook": false,
              "skipped": true
            },
            {
              "title": "clicks the link in the confirmation email",
              "fullTitle": "User registration clicks the link in the confirmation email",
              "timedOut": null,
              "duration": 0,
              "state": "skipped",
              "speed": null,
              "pass": false,
              "fail": false,
              "pending": false,
              "context": null,
              "code": "cy.fixture('users.json').then(function (users) {\n  cy.getUserRegistrationUrl(Cypress.env('USER_URI'), users.externalNew).then(function (response) {\n    cy.visit(response);\n  });\n});",
              "err": {},
              "uuid": "f3645c03-56e2-432c-b8e1-1a09e9629944",
              "parentUUID": "3c86281d-70ba-47cc-b595-9c4131dea1d9",
              "isHook": false,
              "skipped": true
            },
            {
              "title": "shows a validation error message if no passwords are entered",
              "fullTitle": "User registration shows a validation error message if no passwords are entered",
              "timedOut": null,
              "duration": 0,
              "state": "skipped",
              "speed": null,
              "pass": false,
              "fail": false,
              "pending": false,
              "context": null,
              "code": "cy.get('input#password').type(' ');\ncy.get('input#confirm-password').type(' ');\ncy.get('form').submit();\ncy.contains('There is a problem').should('have.class', 'govuk-error-summary__title');",
              "err": {},
              "uuid": "94610195-868e-4f73-aeb5-3b498f8a7c52",
              "parentUUID": "3c86281d-70ba-47cc-b595-9c4131dea1d9",
              "isHook": false,
              "skipped": true
            },
            {
              "title": "shows a validation error message if passwords are too short",
              "fullTitle": "User registration shows a validation error message if passwords are too short",
              "timedOut": null,
              "duration": 0,
              "state": "skipped",
              "speed": null,
              "pass": false,
              "fail": false,
              "pending": false,
              "context": null,
              "code": "cy.get('input#password').type('short');\ncy.get('input#confirm-password').type('short');\ncy.get('form').submit();\ncy.contains('There is a problem').should('have.class', 'govuk-error-summary__title'); // verifying that error and warnings are displayed\ncy.get('.govuk-list.govuk-error-summary__list').children().should('have.length', 6);",
              "err": {},
              "uuid": "c90fbea2-cb82-4f02-81fd-c0e0d5b267ec",
              "parentUUID": "3c86281d-70ba-47cc-b595-9c4131dea1d9",
              "isHook": false,
              "skipped": true
            },
            {
              "title": "shows a validation error message if passwords have correct length only",
              "fullTitle": "User registration shows a validation error message if passwords have correct length only",
              "timedOut": null,
              "duration": 0,
              "state": "skipped",
              "speed": null,
              "pass": false,
              "fail": false,
              "pending": false,
              "context": null,
              "code": "cy.get('input#password').type('12345678');\ncy.get('input#confirm-password').type('12345678');\ncy.get('form').submit();\ncy.contains('Your password contains').should('have.class', 'govuk-visually-hidden');",
              "err": {},
              "uuid": "f10f563b-5dc1-4c55-adb9-2a4d32bcb392",
              "parentUUID": "3c86281d-70ba-47cc-b595-9c4131dea1d9",
              "isHook": false,
              "skipped": true
            },
            {
              "title": "shows a validation error message if passwords have symbol only",
              "fullTitle": "User registration shows a validation error message if passwords have symbol only",
              "timedOut": null,
              "duration": 0,
              "state": "skipped",
              "speed": null,
              "pass": false,
              "fail": false,
              "pending": false,
              "context": null,
              "code": "cy.get('input#password').type('123$');\ncy.get('input#confirm-password').type('123$');\ncy.get('form').submit();\ncy.contains('Your password contains').should('have.class', 'govuk-visually-hidden');",
              "err": {},
              "uuid": "df092dbb-fd8b-44e2-9a74-1cac5f00baf9",
              "parentUUID": "3c86281d-70ba-47cc-b595-9c4131dea1d9",
              "isHook": false,
              "skipped": true
            },
            {
              "title": "shows a validation error message if passwords have capital only",
              "fullTitle": "User registration shows a validation error message if passwords have capital only",
              "timedOut": null,
              "duration": 0,
              "state": "skipped",
              "speed": null,
              "pass": false,
              "fail": false,
              "pending": false,
              "context": null,
              "code": "cy.get('input#password').type('123A');\ncy.get('input#confirm-password').type('123A');\ncy.get('form').submit();\ncy.contains('Your password contains').should('have.class', 'govuk-visually-hidden');",
              "err": {},
              "uuid": "cf11f633-087a-4556-b92f-b69358786d29",
              "parentUUID": "3c86281d-70ba-47cc-b595-9c4131dea1d9",
              "isHook": false,
              "skipped": true
            },
            {
              "title": "shows a validation error message if passwords do not match",
              "fullTitle": "User registration shows a validation error message if passwords do not match",
              "timedOut": null,
              "duration": 0,
              "state": "skipped",
              "speed": null,
              "pass": false,
              "fail": false,
              "pending": false,
              "context": null,
              "code": "cy.get('input#password').type('A12345678$');\ncy.get('input#confirm-password').type('A123456789$');\ncy.get('form').submit();\ncy.contains('Re-enter your new password').should('have.attr', 'href', '#password');",
              "err": {},
              "uuid": "b89a1d23-4bfe-4135-9e5a-7b257f713aa4",
              "parentUUID": "3c86281d-70ba-47cc-b595-9c4131dea1d9",
              "isHook": false,
              "skipped": true
            },
            {
              "title": "sets the passwords and signs in if valid and matching",
              "fullTitle": "User registration sets the passwords and signs in if valid and matching",
              "timedOut": null,
              "duration": 0,
              "state": "skipped",
              "speed": null,
              "pass": false,
              "fail": false,
              "pending": false,
              "context": null,
              "code": "cy.get('input#password').type('A12345678$');\ncy.get('input#confirm-password').type('A12345678$');\ncy.get('form').submit();\ncy.url().should('include', '/add-licences');\ncy.contains('Add your licences to the service').should('have.class', 'govuk-heading-l');",
              "err": {},
              "uuid": "05767cae-53da-418e-9fe2-edef727a602f",
              "parentUUID": "3c86281d-70ba-47cc-b595-9c4131dea1d9",
              "isHook": false,
              "skipped": true
            },
            {
              "title": "User logout",
              "fullTitle": "User registration User logout",
              "timedOut": null,
              "duration": 0,
              "state": "skipped",
              "speed": null,
              "pass": false,
              "fail": false,
              "pending": false,
              "context": null,
              "code": "//  Click Sign out Button\ncy.get('#signout').click(); //  assert the signout\ncy.contains('Sign in or create an account').should('be.visible');",
              "err": {},
              "uuid": "c2361f74-269f-4009-8764-c6e3fb042fa5",
              "parentUUID": "3c86281d-70ba-47cc-b595-9c4131dea1d9",
              "isHook": false,
              "skipped": true
            }
          ],
          "suites": [],
          "passes": [],
          "failures": [
            "121853a6-1031-4e5b-87f7-913367cc0a62"
          ],
          "pending": [],
          "skipped": [
            "4a4e4bf6-0e3c-4802-8d36-91eb479e463e",
            "5c68c94f-6820-41ae-9822-3d0f8e70be7a",
            "bbf974ad-207d-4a40-b43c-39e5ef18c31a",
            "5647250d-7cdd-4047-8464-1cb0d16e8048",
            "3ab98dd3-ed7b-4bad-8aa9-7724a15d096d",
            "f3645c03-56e2-432c-b8e1-1a09e9629944",
            "94610195-868e-4f73-aeb5-3b498f8a7c52",
            "c90fbea2-cb82-4f02-81fd-c0e0d5b267ec",
            "f10f563b-5dc1-4c55-adb9-2a4d32bcb392",
            "df092dbb-fd8b-44e2-9a74-1cac5f00baf9",
            "cf11f633-087a-4556-b92f-b69358786d29",
            "b89a1d23-4bfe-4135-9e5a-7b257f713aa4",
            "05767cae-53da-418e-9fe2-edef727a602f",
            "c2361f74-269f-4009-8764-c6e3fb042fa5"
          ],
          "duration": 0,
          "root": false,
          "rootEmpty": false,
          "_timeout": 2000
        }
      ],
      "passes": [],
      "failures": [],
      "pending": [],
      "skipped": [],
      "duration": 0,
      "root": true,
      "rootEmpty": true,
      "_timeout": 2000
    }
  ],
  "meta": {
    "mocha": {
      "version": "7.0.1"
    },
    "mochawesome": {
      "options": {
        "quiet": true,
        "reportFilename": "mochawesome",
        "saveHtml": false,
        "saveJson": true,
        "consoleReporter": "spec",
        "useInlineDiffs": false,
        "code": true
      },
      "version": "6.2.2"
    },
    "marge": {
      "options": {
        "id": "default",
        "reportDir": "cypress/reports/mocha",
        "quiet": true,
        "overwrite": false,
        "html": false,
        "json": true
      },
      "version": "5.2.0"
    }
  }
}