{
  "stats": {
    "suites": 1,
    "tests": 1,
    "passes": 1,
    "pending": 0,
    "failures": 0,
    "start": "2021-04-27T08:33:12.175Z",
    "end": "2021-04-27T08:33:13.619Z",
    "duration": 1444,
    "testsRegistered": 1,
    "passPercent": 100,
    "pendingPercent": 0,
    "other": 0,
    "hasOther": false,
    "skipped": 0,
    "hasSkipped": false
  },
  "results": [
    {
      "uuid": "dac49043-b7a6-419d-aded-e1c720dc3181",
      "title": "",
      "fullFile": "cypress/integration/external/pageTitle.spec.js",
      "file": "cypress/integration/external/pageTitle.spec.js",
      "beforeHooks": [],
      "afterHooks": [],
      "tests": [],
      "suites": [
        {
          "uuid": "6768e455-fb3f-4762-81fa-2f75b682629e",
          "title": "Page title verification",
          "fullFile": "",
          "file": "",
          "beforeHooks": [],
          "afterHooks": [],
          "tests": [
            {
              "title": "the login page loads",
              "fullTitle": "Page title verification the login page loads",
              "timedOut": null,
              "duration": 236,
              "state": "passed",
              "speed": "slow",
              "pass": true,
              "fail": false,
              "pending": false,
              "context": null,
              "code": "cy.visit(Cypress.env('USER_URI')); //  finding the site title\ncy.contains('Manage your water abstraction or impoundment licence');",
              "err": {},
              "uuid": "24637d0d-2124-40bc-96a5-5eeef10424b8",
              "parentUUID": "6768e455-fb3f-4762-81fa-2f75b682629e",
              "isHook": false,
              "skipped": false
            }
          ],
          "suites": [],
          "passes": [
            "24637d0d-2124-40bc-96a5-5eeef10424b8"
          ],
          "failures": [],
          "pending": [],
          "skipped": [],
          "duration": 236,
          "root": false,
          "rootEmpty": false,
          "_timeout": 2000
        }
      ],
      "passes": [],
      "failures": [],
      "pending": [],
      "skipped": [],
      "duration": 0,
      "root": true,
      "rootEmpty": true,
      "_timeout": 2000
    }
  ],
  "meta": {
    "mocha": {
      "version": "7.0.1"
    },
    "mochawesome": {
      "options": {
        "quiet": true,
        "reportFilename": "mochawesome",
        "saveHtml": false,
        "saveJson": true,
        "consoleReporter": "spec",
        "useInlineDiffs": false,
        "code": true
      },
      "version": "6.2.2"
    },
    "marge": {
      "options": {
        "id": "default",
        "reportDir": "cypress/reports/mocha",
        "quiet": true,
        "overwrite": false,
        "html": false,
        "json": true
      },
      "version": "5.2.0"
    }
  }
}