{
  "stats": {
    "suites": 1,
    "tests": 1,
    "passes": 1,
    "pending": 0,
    "failures": 0,
    "start": "2021-04-26T22:13:51.369Z",
    "end": "2021-04-26T22:13:52.672Z",
    "duration": 1303,
    "testsRegistered": 1,
    "passPercent": 100,
    "pendingPercent": 0,
    "other": 0,
    "hasOther": false,
    "skipped": 0,
    "hasSkipped": false
  },
  "results": [
    {
      "uuid": "0a4d3716-988b-4eca-9846-60ee2b28dc50",
      "title": "",
      "fullFile": "cypress/integration/external/pageTitle.spec.js",
      "file": "cypress/integration/external/pageTitle.spec.js",
      "beforeHooks": [],
      "afterHooks": [],
      "tests": [],
      "suites": [
        {
          "uuid": "51e5220e-efa1-4ebd-8e88-f7e8beb1ebdd",
          "title": "Page title verification",
          "fullFile": "",
          "file": "",
          "beforeHooks": [],
          "afterHooks": [],
          "tests": [
            {
              "title": "the login page loads",
              "fullTitle": "Page title verification the login page loads",
              "timedOut": null,
              "duration": 242,
              "state": "passed",
              "speed": "slow",
              "pass": true,
              "fail": false,
              "pending": false,
              "context": null,
              "code": "cy.visit(Cypress.env('USER_URI')); //  finding the site title\ncy.contains('Manage your water abstraction or impoundment licence');",
              "err": {},
              "uuid": "0541af08-a3cd-4b07-ada5-e6c83c95c0c1",
              "parentUUID": "51e5220e-efa1-4ebd-8e88-f7e8beb1ebdd",
              "isHook": false,
              "skipped": false
            }
          ],
          "suites": [],
          "passes": [
            "0541af08-a3cd-4b07-ada5-e6c83c95c0c1"
          ],
          "failures": [],
          "pending": [],
          "skipped": [],
          "duration": 242,
          "root": false,
          "rootEmpty": false,
          "_timeout": 2000
        }
      ],
      "passes": [],
      "failures": [],
      "pending": [],
      "skipped": [],
      "duration": 0,
      "root": true,
      "rootEmpty": true,
      "_timeout": 2000
    }
  ],
  "meta": {
    "mocha": {
      "version": "7.0.1"
    },
    "mochawesome": {
      "options": {
        "quiet": true,
        "reportFilename": "mochawesome",
        "saveHtml": false,
        "saveJson": true,
        "consoleReporter": "spec",
        "useInlineDiffs": false,
        "code": true
      },
      "version": "6.2.2"
    },
    "marge": {
      "options": {
        "id": "default",
        "reportDir": "cypress/reports/mocha",
        "quiet": true,
        "overwrite": false,
        "html": false,
        "json": true
      },
      "version": "5.2.0"
    }
  }
}