{
  "stats": {
    "suites": 1,
    "tests": 0,
    "passes": 0,
    "pending": 0,
    "failures": 0,
    "start": "2021-04-26T22:13:59.534Z",
    "end": "2021-04-26T22:14:01.205Z",
    "duration": 1671,
    "testsRegistered": 15,
    "passPercent": 0,
    "pendingPercent": 0,
    "other": 2,
    "hasOther": true,
    "skipped": 15,
    "hasSkipped": true
  },
  "results": [
    {
      "uuid": "1920a2b0-8d77-4fc0-9486-2d9a39dd4755",
      "title": "",
      "fullFile": "cypress/integration/external/user-registration.spec.js",
      "file": "cypress/integration/external/user-registration.spec.js",
      "beforeHooks": [],
      "afterHooks": [],
      "tests": [],
      "suites": [
        {
          "uuid": "9889ea8b-e6d2-4077-a089-da3bec04c0ad",
          "title": "User registration",
          "fullFile": "",
          "file": "",
          "beforeHooks": [],
          "afterHooks": [],
          "tests": [
            {
              "title": "redirects to the welcome page",
              "fullTitle": "User registration redirects to the welcome page",
              "timedOut": null,
              "duration": 0,
              "state": "failed",
              "speed": null,
              "pass": false,
              "fail": true,
              "pending": false,
              "context": null,
              "code": "cy.visit(Cypress.env('USER_URI'));\ncy.contains('Sign in or create an account').should('have.class', 'govuk-heading-l');",
              "err": {
                "message": "CypressError: `cy.request()` failed trying to load:\n\nhttp://127.0.0.1:8001/water/1.0/acceptance-tests/tear-down\n\nWe attempted to make an http request to this URL but the request failed without a response.\n\nWe received this error at the network level:\n\n  > Error: connect ECONNREFUSED 127.0.0.1:8001\n\n-----------------------------------------------------------\n\nThe request we sent was:\n\nMethod: POST\nURL: http://127.0.0.1:8001/water/1.0/acceptance-tests/tear-down\n\n-----------------------------------------------------------\n\nCommon situations why this would fail:\n  - you don't have internet access\n  - you forgot to run / boot your web server\n  - your web server isn't accessible\n  - you have weird network configuration settings on your computer\n\nhttps://on.cypress.io/request\n\nBecause this error occurred during a `after all` hook we are skipping the remaining tests in the current suite: `User registration`",
                "estack": "CypressError: `cy.request()` failed trying to load:\n\nhttp://127.0.0.1:8001/water/1.0/acceptance-tests/tear-down\n\nWe attempted to make an http request to this URL but the request failed without a response.\n\nWe received this error at the network level:\n\n  > Error: connect ECONNREFUSED 127.0.0.1:8001\n\n-----------------------------------------------------------\n\nThe request we sent was:\n\nMethod: POST\nURL: http://127.0.0.1:8001/water/1.0/acceptance-tests/tear-down\n\n-----------------------------------------------------------\n\nCommon situations why this would fail:\n  - you don't have internet access\n  - you forgot to run / boot your web server\n  - your web server isn't accessible\n  - you have weird network configuration settings on your computer\n\nhttps://on.cypress.io/request\n\nBecause this error occurred during a `after all` hook we are skipping the remaining tests in the current suite: `User registration`\n    at http://localhost:8008/__cypress/runner/cypress_runner.js:160339:19\n    at tryCatcher (http://localhost:8008/__cypress/runner/cypress_runner.js:10765:23)\n    at http://localhost:8008/__cypress/runner/cypress_runner.js:5904:37\n    at tryCatcher (http://localhost:8008/__cypress/runner/cypress_runner.js:10765:23)\n    at Promise._settlePromiseFromHandler (http://localhost:8008/__cypress/runner/cypress_runner.js:8700:31)\n    at Promise._settlePromise (http://localhost:8008/__cypress/runner/cypress_runner.js:8757:18)\n    at Promise._settlePromise0 (http://localhost:8008/__cypress/runner/cypress_runner.js:8802:10)\n    at Promise._settlePromises (http://localhost:8008/__cypress/runner/cypress_runner.js:8878:18)\n    at _drainQueueStep (http://localhost:8008/__cypress/runner/cypress_runner.js:5472:12)\n    at _drainQueue (http://localhost:8008/__cypress/runner/cypress_runner.js:5465:9)\n    at Async.../../node_modules/bluebird/js/release/async.js.Async._drainQueues (http://localhost:8008/__cypress/runner/cypress_runner.js:5481:5)\n    at Async.drainQueues (http://localhost:8008/__cypress/runner/cypress_runner.js:5351:14)\nFrom Your Spec Code:\n    at waterRequest (http://localhost:8008/__cypress/tests?p=cypress/integration/external/user-registration.spec.js:230:6)\n    at tearDown (http://localhost:8008/__cypress/tests?p=cypress/integration/external/user-registration.spec.js:255:10)\n    at Context.eval (http://localhost:8008/__cypress/tests?p=cypress/integration/external/user-registration.spec.js:109:5)\n\nFrom Node.js Internals:\n  RequestError: Error: connect ECONNREFUSED 127.0.0.1:8001\n      at new RequestError (/Users/srujanchada/Library/Caches/Cypress/6.9.1/Cypress.app/Contents/Resources/app/packages/server/node_modules/request-promise-core/lib/errors.js:14:15)\n      at Request.plumbing.callback (/Users/srujanchada/Library/Caches/Cypress/6.9.1/Cypress.app/Contents/Resources/app/packages/server/node_modules/request-promise-core/lib/plumbing.js:87:29)\n      at Request.RP$callback [as _callback] (/Users/srujanchada/Library/Caches/Cypress/6.9.1/Cypress.app/Contents/Resources/app/packages/server/node_modules/request-promise-core/lib/plumbing.js:46:31)\n      at self.callback (/Users/srujanchada/Library/Caches/Cypress/6.9.1/Cypress.app/Contents/Resources/app/packages/server/node_modules/@cypress/request/request.js:185:22)\n      at Request.emit (events.js:315:20)\n      at Request.onRequestError (/Users/srujanchada/Library/Caches/Cypress/6.9.1/Cypress.app/Contents/Resources/app/packages/server/node_modules/@cypress/request/request.js:877:8)\n      at ClientRequest.emit (events.js:327:22)\n      at Socket.socketErrorListener (_http_client.js:426:9)\n      at Socket.emit (events.js:315:20)\n      at emitErrorNT (internal/streams/destroy.js:92:8)\n      at emitErrorAndCloseNT (internal/streams/destroy.js:60:3)\n      at processTicksAndRejections (internal/process/task_queues.js:84:21)\n  ",
                "diff": null
              },
              "uuid": "a993e1b3-eb81-42c1-ac9b-207ed33a9160",
              "parentUUID": "9889ea8b-e6d2-4077-a089-da3bec04c0ad",
              "isHook": false,
              "skipped": false
            },
            {
              "title": "navigates to the start page",
              "fullTitle": "User registration navigates to the start page",
              "timedOut": null,
              "duration": 0,
              "state": "skipped",
              "speed": null,
              "pass": false,
              "fail": false,
              "pending": false,
              "context": null,
              "code": "cy.get('.govuk-button').eq(2).click();\ncy.contains('Create an account to manage your water abstraction licence online').should('have.class', 'govuk-heading-l');",
              "err": {},
              "uuid": "aad91380-8e1c-4758-9bae-42a65c7d259e",
              "parentUUID": "9889ea8b-e6d2-4077-a089-da3bec04c0ad",
              "isHook": false,
              "skipped": true
            },
            {
              "title": "navigates to the create account page",
              "fullTitle": "User registration navigates to the create account page",
              "timedOut": null,
              "duration": 0,
              "state": "skipped",
              "speed": null,
              "pass": false,
              "fail": false,
              "pending": false,
              "context": null,
              "code": "cy.contains('Create account').should('be.visible');\ncy.get('.govuk-button--start').click({\n  force: true\n});\ncy.contains('Create an account').should('have.class', 'govuk-heading-l');",
              "err": {},
              "uuid": "991d1d7d-f6bb-4c8e-ac8c-31a4eb0738d8",
              "parentUUID": "9889ea8b-e6d2-4077-a089-da3bec04c0ad",
              "isHook": false,
              "skipped": true
            },
            {
              "title": "shows a validation message if the email field is empty",
              "fullTitle": "User registration shows a validation message if the email field is empty",
              "timedOut": null,
              "duration": 0,
              "state": "skipped",
              "speed": null,
              "pass": false,
              "fail": false,
              "pending": false,
              "context": null,
              "code": "cy.get('input#email').type(' ');\ncy.get('button.govuk-button').click();\ncy.contains('Enter an email address in the right format').should('have.attr', 'href', '#email');",
              "err": {},
              "uuid": "22bf19e4-d89b-434e-98a4-e0f220a5c0f4",
              "parentUUID": "9889ea8b-e6d2-4077-a089-da3bec04c0ad",
              "isHook": false,
              "skipped": true
            },
            {
              "title": "shows a validation message if the email field is invalid",
              "fullTitle": "User registration shows a validation message if the email field is invalid",
              "timedOut": null,
              "duration": 0,
              "state": "skipped",
              "speed": null,
              "pass": false,
              "fail": false,
              "pending": false,
              "context": null,
              "code": "cy.get('input#email').type('not a valid email ');\ncy.get('button.govuk-button').click();\ncy.contains('Enter an email address in the right format').should('have.attr', 'href', '#email');",
              "err": {},
              "uuid": "b30d2263-c748-4da9-8551-dc228dfb5d8b",
              "parentUUID": "9889ea8b-e6d2-4077-a089-da3bec04c0ad",
              "isHook": false,
              "skipped": true
            },
            {
              "title": "navigates to the success page if the email address is valid",
              "fullTitle": "User registration navigates to the success page if the email address is valid",
              "timedOut": null,
              "duration": 0,
              "state": "skipped",
              "speed": null,
              "pass": false,
              "fail": false,
              "pending": false,
              "context": null,
              "code": "cy.get('input#email').clear();\ncy.fixture('users.json').then(function (users) {\n  cy.get('input#email').type(users.externalNew);\n});\ncy.get('button.govuk-button').click();\ncy.contains('Confirm your email address').should('have.class', 'govuk-heading-l');",
              "err": {},
              "uuid": "a40d0649-03e5-4fdc-9f18-08202cbaca34",
              "parentUUID": "9889ea8b-e6d2-4077-a089-da3bec04c0ad",
              "isHook": false,
              "skipped": true
            },
            {
              "title": "clicks the link in the confirmation email",
              "fullTitle": "User registration clicks the link in the confirmation email",
              "timedOut": null,
              "duration": 0,
              "state": "skipped",
              "speed": null,
              "pass": false,
              "fail": false,
              "pending": false,
              "context": null,
              "code": "cy.fixture('users.json').then(function (users) {\n  cy.getUserRegistrationUrl(Cypress.env('USER_URI'), users.externalNew).then(function (response) {\n    cy.visit(response);\n  });\n});",
              "err": {},
              "uuid": "b5e522fe-4664-4591-a495-8867974a60be",
              "parentUUID": "9889ea8b-e6d2-4077-a089-da3bec04c0ad",
              "isHook": false,
              "skipped": true
            },
            {
              "title": "shows a validation error message if no passwords are entered",
              "fullTitle": "User registration shows a validation error message if no passwords are entered",
              "timedOut": null,
              "duration": 0,
              "state": "skipped",
              "speed": null,
              "pass": false,
              "fail": false,
              "pending": false,
              "context": null,
              "code": "cy.get('input#password').type(' ');\ncy.get('input#confirm-password').type(' ');\ncy.get('form').submit();\ncy.contains('There is a problem').should('have.class', 'govuk-error-summary__title');",
              "err": {},
              "uuid": "7b21dcfb-88a3-494f-91af-64e42ef53f7f",
              "parentUUID": "9889ea8b-e6d2-4077-a089-da3bec04c0ad",
              "isHook": false,
              "skipped": true
            },
            {
              "title": "shows a validation error message if passwords are too short",
              "fullTitle": "User registration shows a validation error message if passwords are too short",
              "timedOut": null,
              "duration": 0,
              "state": "skipped",
              "speed": null,
              "pass": false,
              "fail": false,
              "pending": false,
              "context": null,
              "code": "cy.get('input#password').type('short');\ncy.get('input#confirm-password').type('short');\ncy.get('form').submit();\ncy.contains('There is a problem').should('have.class', 'govuk-error-summary__title'); // verifying that error and warnings are displayed\ncy.get('.govuk-list.govuk-error-summary__list').children().should('have.length', 6);",
              "err": {},
              "uuid": "3af7fe25-f57f-4c80-87c3-85e7a69d42c1",
              "parentUUID": "9889ea8b-e6d2-4077-a089-da3bec04c0ad",
              "isHook": false,
              "skipped": true
            },
            {
              "title": "shows a validation error message if passwords have correct length only",
              "fullTitle": "User registration shows a validation error message if passwords have correct length only",
              "timedOut": null,
              "duration": 0,
              "state": "skipped",
              "speed": null,
              "pass": false,
              "fail": false,
              "pending": false,
              "context": null,
              "code": "cy.get('input#password').type('12345678');\ncy.get('input#confirm-password').type('12345678');\ncy.get('form').submit();\ncy.contains('Your password contains').should('have.class', 'govuk-visually-hidden');",
              "err": {},
              "uuid": "fda7aabe-b7bf-4f93-8ced-ec0f0097d29e",
              "parentUUID": "9889ea8b-e6d2-4077-a089-da3bec04c0ad",
              "isHook": false,
              "skipped": true
            },
            {
              "title": "shows a validation error message if passwords have symbol only",
              "fullTitle": "User registration shows a validation error message if passwords have symbol only",
              "timedOut": null,
              "duration": 0,
              "state": "skipped",
              "speed": null,
              "pass": false,
              "fail": false,
              "pending": false,
              "context": null,
              "code": "cy.get('input#password').type('123$');\ncy.get('input#confirm-password').type('123$');\ncy.get('form').submit();\ncy.contains('Your password contains').should('have.class', 'govuk-visually-hidden');",
              "err": {},
              "uuid": "108aedd6-cc60-4520-ba1c-43da570c3d02",
              "parentUUID": "9889ea8b-e6d2-4077-a089-da3bec04c0ad",
              "isHook": false,
              "skipped": true
            },
            {
              "title": "shows a validation error message if passwords have capital only",
              "fullTitle": "User registration shows a validation error message if passwords have capital only",
              "timedOut": null,
              "duration": 0,
              "state": "skipped",
              "speed": null,
              "pass": false,
              "fail": false,
              "pending": false,
              "context": null,
              "code": "cy.get('input#password').type('123A');\ncy.get('input#confirm-password').type('123A');\ncy.get('form').submit();\ncy.contains('Your password contains').should('have.class', 'govuk-visually-hidden');",
              "err": {},
              "uuid": "950fe43f-a75c-4fa3-8fe7-0e25b17a57b3",
              "parentUUID": "9889ea8b-e6d2-4077-a089-da3bec04c0ad",
              "isHook": false,
              "skipped": true
            },
            {
              "title": "shows a validation error message if passwords do not match",
              "fullTitle": "User registration shows a validation error message if passwords do not match",
              "timedOut": null,
              "duration": 0,
              "state": "skipped",
              "speed": null,
              "pass": false,
              "fail": false,
              "pending": false,
              "context": null,
              "code": "cy.get('input#password').type('A12345678$');\ncy.get('input#confirm-password').type('A123456789$');\ncy.get('form').submit();\ncy.contains('Re-enter your new password').should('have.attr', 'href', '#password');",
              "err": {},
              "uuid": "2c5cddb9-7af3-4a94-8deb-5c838ad74700",
              "parentUUID": "9889ea8b-e6d2-4077-a089-da3bec04c0ad",
              "isHook": false,
              "skipped": true
            },
            {
              "title": "sets the passwords and signs in if valid and matching",
              "fullTitle": "User registration sets the passwords and signs in if valid and matching",
              "timedOut": null,
              "duration": 0,
              "state": "skipped",
              "speed": null,
              "pass": false,
              "fail": false,
              "pending": false,
              "context": null,
              "code": "cy.get('input#password').type('A12345678$');\ncy.get('input#confirm-password').type('A12345678$');\ncy.get('form').submit();\ncy.url().should('include', '/add-licences');\ncy.contains('Add your licences to the service').should('have.class', 'govuk-heading-l');",
              "err": {},
              "uuid": "cad9a4f7-c8c4-4956-aeba-aae7bb907ebf",
              "parentUUID": "9889ea8b-e6d2-4077-a089-da3bec04c0ad",
              "isHook": false,
              "skipped": true
            },
            {
              "title": "User logout",
              "fullTitle": "User registration User logout",
              "timedOut": null,
              "duration": 0,
              "state": "skipped",
              "speed": null,
              "pass": false,
              "fail": false,
              "pending": false,
              "context": null,
              "code": "//  Click Sign out Button\ncy.get('#signout').click(); //  assert the signout\ncy.contains('Sign in or create an account').should('be.visible');",
              "err": {},
              "uuid": "51a73b3d-e46a-4547-b7db-bec81028a8ae",
              "parentUUID": "9889ea8b-e6d2-4077-a089-da3bec04c0ad",
              "isHook": false,
              "skipped": true
            }
          ],
          "suites": [],
          "passes": [],
          "failures": [
            "a993e1b3-eb81-42c1-ac9b-207ed33a9160"
          ],
          "pending": [],
          "skipped": [
            "aad91380-8e1c-4758-9bae-42a65c7d259e",
            "991d1d7d-f6bb-4c8e-ac8c-31a4eb0738d8",
            "22bf19e4-d89b-434e-98a4-e0f220a5c0f4",
            "b30d2263-c748-4da9-8551-dc228dfb5d8b",
            "a40d0649-03e5-4fdc-9f18-08202cbaca34",
            "b5e522fe-4664-4591-a495-8867974a60be",
            "7b21dcfb-88a3-494f-91af-64e42ef53f7f",
            "3af7fe25-f57f-4c80-87c3-85e7a69d42c1",
            "fda7aabe-b7bf-4f93-8ced-ec0f0097d29e",
            "108aedd6-cc60-4520-ba1c-43da570c3d02",
            "950fe43f-a75c-4fa3-8fe7-0e25b17a57b3",
            "2c5cddb9-7af3-4a94-8deb-5c838ad74700",
            "cad9a4f7-c8c4-4956-aeba-aae7bb907ebf",
            "51a73b3d-e46a-4547-b7db-bec81028a8ae"
          ],
          "duration": 0,
          "root": false,
          "rootEmpty": false,
          "_timeout": 2000
        }
      ],
      "passes": [],
      "failures": [],
      "pending": [],
      "skipped": [],
      "duration": 0,
      "root": true,
      "rootEmpty": true,
      "_timeout": 2000
    }
  ],
  "meta": {
    "mocha": {
      "version": "7.0.1"
    },
    "mochawesome": {
      "options": {
        "quiet": true,
        "reportFilename": "mochawesome",
        "saveHtml": false,
        "saveJson": true,
        "consoleReporter": "spec",
        "useInlineDiffs": false,
        "code": true
      },
      "version": "6.2.2"
    },
    "marge": {
      "options": {
        "id": "default",
        "reportDir": "cypress/reports/mocha",
        "quiet": true,
        "overwrite": false,
        "html": false,
        "json": true
      },
      "version": "5.2.0"
    }
  }
}